2022-11-24T14:02:27.390Z In(05) vmx Log for VMware Workstation pid=11092 version=16.2.4 build=build-20089737 option=Release
2022-11-24T14:02:27.390Z In(05) vmx The host is 64-bit.
2022-11-24T14:02:27.390Z In(05) vmx Host codepage=windows-1252 encoding=windows-1252
2022-11-24T14:02:27.390Z In(05) vmx Host is Windows 10 Enterprise, 64-bit (Build 19044.1288)
2022-11-24T14:02:27.390Z In(05) vmx Host offset from UTC is -05:30.
2022-11-24T14:02:27.359Z In(05) vmx VTHREAD 1632 "vmx"
2022-11-24T14:02:27.359Z In(05) vmx LOCALE windows-1252 -> NULL User=409 System=409
2022-11-24T14:02:27.359Z In(05) vmx Msg_SetLocaleEx: HostLocale=windows-1252 UserLocale=NULL
2022-11-24T14:02:27.375Z In(05) vmx DictionaryLoad: Cannot open file "C:\Users\realme\AppData\Roaming\VMware\config.ini": The system cannot find the file specified.
2022-11-24T14:02:27.375Z In(05) vmx Msg_Reset:
2022-11-24T14:02:27.375Z In(05) vmx [msg.dictionary.load.openFailed] Cannot open file "C:\Users\realme\AppData\Roaming\VMware\config.ini": The system cannot find the file specified.
2022-11-24T14:02:27.375Z In(05) vmx ----------------------------------------
2022-11-24T14:02:27.375Z In(05) vmx ConfigDB: Failed to load C:\Users\realme\AppData\Roaming\VMware\config.ini
2022-11-24T14:02:27.375Z In(05) vmx Win32U_GetFileAttributes: GetFileAttributesExW("D:\OS\Debian 10.x 64-bit.vmpl", ...) failed, error: 2
2022-11-24T14:02:27.375Z In(05) vmx OBJLIB-LIB: Objlib initialized.
2022-11-24T14:02:27.375Z In(05) vmx DictionaryLoad: Cannot open file "C:\Users\realme\AppData\Roaming\VMware\config.ini": The system cannot find the file specified.
2022-11-24T14:02:27.375Z In(05) vmx [msg.dictionary.load.openFailed] Cannot open file "C:\Users\realme\AppData\Roaming\VMware\config.ini": The system cannot find the file specified.
2022-11-24T14:02:27.375Z In(05) vmx PREF Optional preferences file not found at C:\Users\realme\AppData\Roaming\VMware\config.ini. Using default values.
2022-11-24T14:02:27.375Z In(05) vmx UUID: SMBIOS UUID is reported as '27 08 21 20 85 14 cb 7f-bc 3b 14 85 7f cb bc 3f'.
2022-11-24T14:02:27.375Z In(05) vmx lib/ssl: OpenSSL using RAND_OpenSSL for RAND
2022-11-24T14:02:27.375Z In(05) vmx lib/ssl: protocol list tls1.2
2022-11-24T14:02:27.375Z In(05) vmx lib/ssl: protocol list tls1.2 (openssl flags 0x36000000)
2022-11-24T14:02:27.375Z In(05) vmx lib/ssl: cipher list ECDHE+AESGCM:RSA+AESGCM:ECDHE+AES:RSA+AES
2022-11-24T14:02:27.375Z In(05) vmx lib/ssl: curves list prime256v1:secp384r1:secp521r1
2022-11-24T14:02:27.390Z In(05) vmx Hostname=LocalHost
2022-11-24T14:02:27.390Z In(05) vmx IP=::1
2022-11-24T14:02:27.390Z In(05) vmx IP=127.0.0.1
2022-11-24T14:02:27.422Z In(05) vmx System uptime 157359143005 us
2022-11-24T14:02:27.422Z In(05) vmx Command line: "C:\Program Files (x86)\VMware\VMware Workstation\x64\vmware-vmx.exe" "-T" "querytoken" "-s" "vmx.stdio.keep=TRUE" "-#" "product=1;name=VMware Workstation;version=16.2.4;buildnumber=20089737;licensename=VMware Workstation;licenseversion=16.0;" "-@" "pipe=\\.\pipe\vmx0a2761a6a659d879;msgs=ui" "D:\OS\Debian 10.x 64-bit.vmx"
2022-11-24T14:02:27.422Z In(05) vmx Msg_SetLocaleEx: HostLocale=windows-1252 UserLocale=NULL
2022-11-24T14:02:27.437Z In(05) vmx WQPoolAllocPoll : pollIx = 1, signalHandle = 752
2022-11-24T14:02:27.437Z In(05) vmx WQPoolAllocPoll : pollIx = 2, signalHandle = 744
2022-11-24T14:02:27.437Z In(05) vmx VigorTransport listening on fd 832
2022-11-24T14:02:27.437Z In(05) vmx Vigor_Init 1
2022-11-24T14:02:27.437Z In(05) vmx Connecting 'ui' to pipe '\\.\pipe\vmx0a2761a6a659d879' with user '(null)'
2022-11-24T14:02:27.437Z In(05) vmx VMXVmdb: Local connection timeout: 60000 ms.
2022-11-24T14:02:27.453Z In(05) vmx VmdbAddConnection: cnxPath=/db/connection/#1/, cnxIx=1
2022-11-24T14:02:27.453Z In(05) vmx Vix: [mainDispatch.c:486]: VMAutomation: Initializing VMAutomation.
2022-11-24T14:02:27.453Z In(05) vmx Vix: [mainDispatch.c:738]: VMAutomationOpenListenerSocket() listening
2022-11-24T14:02:27.453Z In(05) vmx Vix: [mainDispatch.c:4206]: VMAutomation_ReportPowerOpFinished: statevar=0, newAppState=1870, success=1 additionalError=0
2022-11-24T14:02:27.453Z In(05) vmx Transitioned vmx/execState/val to poweredOff
2022-11-24T14:02:27.453Z In(05) vmx Vix: [mainDispatch.c:4206]: VMAutomation_ReportPowerOpFinished: statevar=1, newAppState=1873, success=1 additionalError=0
2022-11-24T14:02:27.453Z In(05) vmx Vix: [mainDispatch.c:4206]: VMAutomation_ReportPowerOpFinished: statevar=2, newAppState=1877, success=1 additionalError=0
2022-11-24T14:02:27.453Z In(05) vmx Vix: [mainDispatch.c:4206]: VMAutomation_ReportPowerOpFinished: statevar=3, newAppState=1881, success=1 additionalError=0
2022-11-24T14:02:27.468Z In(05) vmx IOPL_VBSRunning: VBS is set to 0
2022-11-24T14:02:27.468Z In(05) vmx IOCTL_VMX86_SET_MEMORY_PARAMS already set
2022-11-24T14:02:27.468Z In(05) vmx FeatureCompat: No EVC masks.
2022-11-24T14:02:27.468Z In(05) vmx hostCPUID vendor: GenuineIntel
2022-11-24T14:02:27.468Z In(05) vmx hostCPUID family: 0x6 model: 0x8c stepping: 0x1
2022-11-24T14:02:27.468Z In(05) vmx hostCPUID codename: Tiger Lake
2022-11-24T14:02:27.468Z In(05) vmx hostCPUID name: 11th Gen Intel(R) Core(TM) i5-1135G7 @ 2.40GHz
2022-11-24T14:02:27.468Z In(05) vmx hostCPUID level 00000000, 0: 0x0000001b 0x756e6547 0x6c65746e 0x49656e69
2022-11-24T14:02:27.468Z In(05) vmx hostCPUID level 00000001, 0: 0x000806c1 0x00100800 0x7ffafbbf 0xbfebfbff
2022-11-24T14:02:27.468Z In(05) vmx hostCPUID level 00000002, 0: 0x00feff01 0x000000f0 0x00000000 0x00000000
2022-11-24T14:02:27.468Z In(05) vmx hostCPUID level 00000003, 0: 0x00000000 0x00000000 0x00000000 0x00000000
2022-11-24T14:02:27.468Z In(05) vmx hostCPUID level 00000004, 0: 0x1c004121 0x02c0003f 0x0000003f 0x00000000
2022-11-24T14:02:27.468Z In(05) vmx hostCPUID level 00000004, 1: 0x1c004122 0x01c0003f 0x0000003f 0x00000000
2022-11-24T14:02:27.468Z In(05) vmx hostCPUID level 00000004, 2: 0x1c004143 0x04c0003f 0x000003ff 0x00000000
2022-11-24T14:02:27.468Z In(05) vmx hostCPUID level 00000004, 3: 0x1c03c163 0x01c0003f 0x00003fff 0x00000004
2022-11-24T14:02:27.468Z In(05) vmx hostCPUID level 00000004, 4: 0x00000000 0x00000000 0x00000000 0x00000000
2022-11-24T14:02:27.468Z In(05) vmx hostCPUID level 00000005, 0: 0x00000040 0x00000040 0x00000003 0x11121020
2022-11-24T14:02:27.468Z In(05) vmx hostCPUID level 00000006, 0: 0x0017eff7 0x00000002 0x00000009 0x00000000
2022-11-24T14:02:27.468Z In(05) vmx hostCPUID level 00000007, 0: 0x00000000 0xf3bfa7eb 0x18c05fce 0xfc100510
2022-11-24T14:02:27.468Z In(05) vmx hostCPUID level 00000008, 0: 0x00000000 0x00000000 0x00000000 0x00000000
2022-11-24T14:02:27.468Z In(05) vmx hostCPUID level 00000009, 0: 0x00000000 0x00000000 0x00000000 0x00000000
2022-11-24T14:02:27.468Z In(05) vmx hostCPUID level 0000000a, 0: 0x08300805 0x00000000 0x0000000f 0x00008604
2022-11-24T14:02:27.468Z In(05) vmx hostCPUID level 0000000b, 0: 0x00000001 0x00000002 0x00000100 0x00000000
2022-11-24T14:02:27.468Z In(05) vmx hostCPUID level 0000000b, 1: 0x00000004 0x00000008 0x00000201 0x00000000
2022-11-24T14:02:27.468Z In(05) vmx hostCPUID level 0000000b, 2: 0x00000000 0x00000000 0x00000002 0x00000000
2022-11-24T14:02:27.468Z In(05) vmx hostCPUID level 0000000c, 0: 0x00000000 0x00000000 0x00000000 0x00000000
2022-11-24T14:02:27.468Z In(05) vmx hostCPUID level 0000000d, 0: 0x000002e7 0x00000a80 0x00000a88 0x00000000
2022-11-24T14:02:27.468Z In(05) vmx hostCPUID level 0000000d, 1: 0x0000000f 0x00000a10 0x00003900 0x00000000
2022-11-24T14:02:27.468Z In(05) vmx hostCPUID level 0000000d, 2: 0x00000100 0x00000240 0x00000000 0x00000000
2022-11-24T14:02:27.468Z In(05) vmx hostCPUID level 0000000d, 3: 0x00000000 0x00000000 0x00000000 0x00000000
2022-11-24T14:02:27.468Z In(05) vmx hostCPUID level 0000000d, 4: 0x00000000 0x00000000 0x00000000 0x00000000
2022-11-24T14:02:27.468Z In(05) vmx hostCPUID level 0000000d, 5: 0x00000040 0x00000440 0x00000000 0x00000000
2022-11-24T14:02:27.468Z In(05) vmx hostCPUID level 0000000d, 6: 0x00000200 0x00000480 0x00000000 0x00000000
2022-11-24T14:02:27.468Z In(05) vmx hostCPUID level 0000000d, 7: 0x00000400 0x00000680 0x00000000 0x00000000
2022-11-24T14:02:27.468Z In(05) vmx hostCPUID level 0000000d, 8: 0x00000080 0x00000000 0x00000001 0x00000000
2022-11-24T14:02:27.468Z In(05) vmx hostCPUID level 0000000d, 9: 0x00000008 0x00000a80 0x00000000 0x00000000
2022-11-24T14:02:27.468Z In(05) vmx hostCPUID level 0000000d, a: 0x00000000 0x00000000 0x00000000 0x00000000
2022-11-24T14:02:27.468Z In(05) vmx hostCPUID level 0000000d, b: 0x00000010 0x00000000 0x00000001 0x00000000
2022-11-24T14:02:27.468Z In(05) vmx hostCPUID level 0000000d, c: 0x00000018 0x00000000 0x00000001 0x00000000
2022-11-24T14:02:27.468Z In(05) vmx hostCPUID level 0000000d, d: 0x00000008 0x00000000 0x00000001 0x00000000
2022-11-24T14:02:27.468Z In(05) vmx hostCPUID level 0000000e, 0: 0x00000000 0x00000000 0x00000000 0x00000000
2022-11-24T14:02:27.468Z In(05) vmx hostCPUID level 0000000f, 0: 0x00000000 0x00000000 0x00000000 0x00000000
2022-11-24T14:02:27.468Z In(05) vmx hostCPUID level 0000000f, 1: 0x00000000 0x00000000 0x00000000 0x00000000
2022-11-24T14:02:27.468Z In(05) vmx hostCPUID level 00000010, 0: 0x00000000 0x00000004 0x00000000 0x00000000
2022-11-24T14:02:27.468Z In(05) vmx hostCPUID level 00000010, 1: 0x00000000 0x00000000 0x00000000 0x00000000
2022-11-24T14:02:27.468Z In(05) vmx hostCPUID level 00000010, 2: 0x00000013 0x00000000 0x00000004 0x00000007
2022-11-24T14:02:27.468Z In(05) vmx hostCPUID level 00000010, 3: 0x00000000 0x00000000 0x00000000 0x00000000
2022-11-24T14:02:27.468Z In(05) vmx hostCPUID level 00000011, 0: 0x00000000 0x00000000 0x00000000 0x00000000
2022-11-24T14:02:27.468Z In(05) vmx hostCPUID level 00000012, 0: 0x00000000 0x00000000 0x00000000 0x00000000
2022-11-24T14:02:27.468Z In(05) vmx hostCPUID level 00000012, 1: 0x00000000 0x00000000 0x00000000 0x00000000
2022-11-24T14:02:27.468Z In(05) vmx hostCPUID level 00000012, 2: 0x00000000 0x00000000 0x00000000 0x00000000
2022-11-24T14:02:27.468Z In(05) vmx hostCPUID level 00000012, 3: 0x00000000 0x00000000 0x00000000 0x00000000
2022-11-24T14:02:27.468Z In(05) vmx hostCPUID level 00000013, 0: 0x00000000 0x00000000 0x00000000 0x00000000
2022-11-24T14:02:27.468Z In(05) vmx hostCPUID level 00000014, 0: 0x00000001 0x0000004f 0x00000007 0x00000000
2022-11-24T14:02:27.468Z In(05) vmx hostCPUID level 00000014, 1: 0x02490002 0x003f1fff 0x00000000 0x00000000
2022-11-24T14:02:27.468Z In(05) vmx hostCPUID level 00000015, 0: 0x00000002 0x0000007e 0x0249f000 0x00000000
2022-11-24T14:02:27.468Z In(05) vmx hostCPUID level 00000016, 0: 0x00000960 0x00001068 0x00000064 0x00000000
2022-11-24T14:02:27.468Z In(05) vmx hostCPUID level 00000017, 0: 0x00000000 0x00000000 0x00000000 0x00000000
2022-11-24T14:02:27.468Z In(05) vmx hostCPUID level 00000018, 0: 0x00000008 0x00000000 0x00000000 0x00000000
2022-11-24T14:02:27.468Z In(05) vmx hostCPUID level 00000018, 1: 0x00000000 0x00080001 0x00000010 0x00004022
2022-11-24T14:02:27.468Z In(05) vmx hostCPUID level 00000018, 2: 0x00000000 0x00080006 0x00000002 0x00004022
2022-11-24T14:02:27.468Z In(05) vmx hostCPUID level 00000018, 3: 0x00000000 0x0010000f 0x00000001 0x00004125
2022-11-24T14:02:27.468Z In(05) vmx hostCPUID level 00000018, 4: 0x00000000 0x00040001 0x00000010 0x00004024
2022-11-24T14:02:27.468Z In(05) vmx hostCPUID level 00000018, 5: 0x00000000 0x00040006 0x00000008 0x00004024
2022-11-24T14:02:27.468Z In(05) vmx hostCPUID level 00000018, 6: 0x00000000 0x00080008 0x00000001 0x00004124
2022-11-24T14:02:27.468Z In(05) vmx hostCPUID level 00000018, 7: 0x00000000 0x00080007 0x00000080 0x00004043
2022-11-24T14:02:27.468Z In(05) vmx hostCPUID level 00000018, 8: 0x00000000 0x00080009 0x00000080 0x00004043
2022-11-24T14:02:27.468Z In(05) vmx hostCPUID level 00000019, 0: 0x00000007 0x00000014 0x00000003 0x00000000
2022-11-24T14:02:27.468Z In(05) vmx hostCPUID level 0000001a, 0: 0x00000000 0x00000000 0x00000000 0x00000000
2022-11-24T14:02:27.468Z In(05) vmx hostCPUID level 0000001b, 0: 0x00000000 0x00000000 0x00000000 0x00000000
2022-11-24T14:02:27.468Z In(05) vmx hostCPUID level 80000000, 0: 0x80000008 0x00000000 0x00000000 0x00000000
2022-11-24T14:02:27.468Z In(05) vmx hostCPUID level 80000001, 0: 0x00000000 0x00000000 0x00000121 0x2c100800
2022-11-24T14:02:27.468Z In(05) vmx hostCPUID level 80000002, 0: 0x68743131 0x6e654720 0x746e4920 0x52286c65
2022-11-24T14:02:27.468Z In(05) vmx hostCPUID level 80000003, 0: 0x6f432029 0x54286572 0x6920294d 0x31312d35
2022-11-24T14:02:27.468Z In(05) vmx hostCPUID level 80000004, 0: 0x37473533 0x32204020 0x4730342e 0x00007a48
2022-11-24T14:02:27.468Z In(05) vmx hostCPUID level 80000005, 0: 0x00000000 0x00000000 0x00000000 0x00000000
2022-11-24T14:02:27.468Z In(05) vmx hostCPUID level 80000006, 0: 0x00000000 0x00000000 0x01007040 0x00000000
2022-11-24T14:02:27.468Z In(05) vmx hostCPUID level 80000007, 0: 0x00000000 0x00000000 0x00000000 0x00000100
2022-11-24T14:02:27.468Z In(05) vmx hostCPUID level 80000008, 0: 0x00003027 0x00000000 0x00000000 0x00000000
2022-11-24T14:02:27.468Z In(05) vmx CPUID differences from hostCPUID.
2022-11-24T14:02:27.468Z In(05) vmx Physical APIC IDs: 0-7
2022-11-24T14:02:27.468Z In(05) vmx Physical X2APIC IDs: 0-7
2022-11-24T14:02:27.468Z In(05) vmx Common: MSR       0x3a =                0x5
2022-11-24T14:02:27.468Z In(05) vmx Common: MSR      0x480 =  0x1da050000000013
2022-11-24T14:02:27.468Z In(05) vmx Common: MSR      0x481 =       0xff00000016
2022-11-24T14:02:27.468Z In(05) vmx Common: MSR      0x482 = 0xfffbfffe0401e172
2022-11-24T14:02:27.468Z In(05) vmx Common: MSR      0x483 = 0x137fffff00036dff
2022-11-24T14:02:27.468Z In(05) vmx Common: MSR      0x484 =   0x16ffff000011ff
2022-11-24T14:02:27.468Z In(05) vmx Common: MSR      0x485 =         0x7004c1e7
2022-11-24T14:02:27.468Z In(05) vmx Common: MSR      0x486 =         0x80000021
2022-11-24T14:02:27.468Z In(05) vmx Common: MSR      0x487 =         0xffffffff
2022-11-24T14:02:27.468Z In(05) vmx Common: MSR      0x488 =             0x2000
2022-11-24T14:02:27.468Z In(05) vmx Common: MSR      0x489 =           0xff2fff
2022-11-24T14:02:27.468Z In(05) vmx Common: MSR      0x48a =               0x2e
2022-11-24T14:02:27.468Z In(05) vmx Common: MSR      0x48b =  0x35f3fff00000000
2022-11-24T14:02:27.468Z In(05) vmx Common: MSR      0x48c =      0xf0106f34141
2022-11-24T14:02:27.468Z In(05) vmx Common: MSR      0x48d =       0xff00000016
2022-11-24T14:02:27.468Z In(05) vmx Common: MSR      0x48e = 0xfffbfffe04006172
2022-11-24T14:02:27.468Z In(05) vmx Common: MSR      0x48f = 0x137fffff00036dfb
2022-11-24T14:02:27.468Z In(05) vmx Common: MSR      0x490 =   0x16ffff000011fb
2022-11-24T14:02:27.468Z In(05) vmx Common: MSR      0x491 =                0x1
2022-11-24T14:02:27.468Z In(05) vmx Common: MSR      0x492 =                0x1
2022-11-24T14:02:27.468Z In(05) vmx Common: MSR 0xc0010114 =                  0
2022-11-24T14:02:27.468Z In(05) vmx Common: MSR       0xce =         0x80000000
2022-11-24T14:02:27.468Z In(05) vmx Common: MSR      0x10a =               0x6b
2022-11-24T14:02:27.468Z In(05) vmx Common: MSR      0x122 =                  0
2022-11-24T14:02:27.468Z In(05) vmx VMMon_GetkHzEstimate: Calculated 2419199 kHz
2022-11-24T14:02:27.468Z In(05) vmx TSC kHz estimates: vmmon 2419199, remembered 0, osReported 2419000. Using 2419199 kHz.
2022-11-24T14:02:27.468Z In(05) vmx TSC first measured delta 202
2022-11-24T14:02:27.468Z In(05) vmx TSC min delta 185
2022-11-24T14:02:27.468Z In(05) vmx PTSC: RefClockToPTSC 0 @ 10000000Hz -> 0 @ 2419199000Hz
2022-11-24T14:02:27.468Z In(05) vmx PTSC: RefClockToPTSC ((x * 4058742417) >> 24) + -134317064274585
2022-11-24T14:02:27.468Z In(05) vmx PTSC: tscOffset -134343996898629
2022-11-24T14:02:27.468Z In(05) vmx PTSC: using TSC
2022-11-24T14:02:27.468Z In(05) vmx PTSC: hardware TSCs are synchronized.
2022-11-24T14:02:27.468Z In(05) vmx PTSC: hardware TSCs may have been adjusted by the host.
2022-11-24T14:02:27.468Z In(05) vmx PTSC: current PTSC=100696
2022-11-24T14:02:27.468Z In(05) vmx WQPoolAllocPoll : pollIx = 3, signalHandle = 1064
2022-11-24T14:02:27.500Z In(05) vmx ConfigCheck: No rules file found. Checks are disabled.
2022-11-24T14:02:27.500Z In(05) vmx changing directory to D:\OS\.
2022-11-24T14:02:27.500Z In(05) vmx Config file: D:\OS\Debian 10.x 64-bit.vmx
2022-11-24T14:02:27.500Z In(05) vmx Vix: [mainDispatch.c:4206]: VMAutomation_ReportPowerOpFinished: statevar=1, newAppState=1873, success=1 additionalError=0
2022-11-24T14:02:27.500Z In(05) vmx Vix: [mainDispatch.c:4206]: VMAutomation_ReportPowerOpFinished: statevar=2, newAppState=1878, success=1 additionalError=0
2022-11-24T14:02:27.515Z Wa(03) vmx PowerOn
2022-11-24T14:02:27.515Z In(05) vmx VMX_PowerOn: VMX build 20089737, UI build 20089737
2022-11-24T14:02:27.515Z In(05) vmx HostWin32: WIN32 NUMA node 0, CPU mask 0x00000000000000ff
2022-11-24T14:02:27.531Z In(05) vmx Vix: [mainDispatch.c:4206]: VMAutomation_ReportPowerOpFinished: statevar=0, newAppState=1871, success=1 additionalError=0
2022-11-24T14:02:27.531Z In(05) vmx VMXSTATS: Successfully created statsfile: vm.scoreboard
2022-11-24T14:02:27.531Z In(05) vmx VMXSTATS: Update Product Information: VMware Workstation	16.2.4	build-20089737	Release  TotalBlockSize: 64
2022-11-24T14:02:27.531Z In(05) vmx HOST Windows version 10.0, build 19044, platform 2, ""
2022-11-24T14:02:27.531Z In(05) vmx DICT --- GLOBAL SETTINGS C:\ProgramData\VMware\VMware Workstation\settings.ini
2022-11-24T14:02:27.531Z In(05) vmx DICT          printers.enabled = "FALSE"
2022-11-24T14:02:27.531Z In(05) vmx DICT --- NON PERSISTENT (null)
2022-11-24T14:02:27.531Z In(05) vmx DICT --- USER PREFERENCES C:\Users\realme\AppData\Roaming\VMware\preferences.ini
2022-11-24T14:02:27.531Z In(05) vmx DICT   pref.lastUpdateCheckSec = "1669298430"
2022-11-24T14:02:27.531Z In(05) vmx DICT pref.keyboardAndMouse.vmHotKey.enabled = "FALSE"
2022-11-24T14:02:27.531Z In(05) vmx DICT pref.keyboardAndMouse.vmHotKey.count = "0"
2022-11-24T14:02:27.531Z In(05) vmx DICT pref.ws.session.window.count = "1"
2022-11-24T14:02:27.531Z In(05) vmx DICT pref.ws.session.window0.tab.count = "4"
2022-11-24T14:02:27.531Z In(05) vmx DICT pref.ws.session.window0.tab0.dest = ""
2022-11-24T14:02:27.531Z In(05) vmx DICT pref.ws.session.window0.tab0.file = ""
2022-11-24T14:02:27.531Z In(05) vmx DICT pref.ws.session.window0.tab0.type = "home"
2022-11-24T14:02:27.531Z In(05) vmx DICT pref.ws.session.window0.tab0.cnxType = "vmdb"
2022-11-24T14:02:27.531Z In(05) vmx DICT pref.ws.session.window0.tab0.focused = "FALSE"
2022-11-24T14:02:27.531Z In(05) vmx DICT pref.ws.session.window0.sidebar = "TRUE"
2022-11-24T14:02:27.531Z In(05) vmx DICT pref.ws.session.window0.sidebar.width = "425"
2022-11-24T14:02:27.531Z In(05) vmx DICT pref.ws.session.window0.statusBar = "TRUE"
2022-11-24T14:02:27.531Z In(05) vmx DICT pref.ws.session.window0.tabs = "TRUE"
2022-11-24T14:02:27.531Z In(05) vmx DICT pref.ws.session.window0.thumbnailBar = "FALSE"
2022-11-24T14:02:27.531Z In(05) vmx DICT pref.ws.session.window0.thumbnailBar.size = "100"
2022-11-24T14:02:27.531Z In(05) vmx DICT pref.ws.session.window0.thumbnailBar.view = "opened-vms"
2022-11-24T14:02:27.531Z In(05) vmx DICT pref.ws.session.window0.placement.left = "417"
2022-11-24T14:02:27.531Z In(05) vmx DICT pref.ws.session.window0.placement.top = "22"
2022-11-24T14:02:27.531Z In(05) vmx DICT pref.ws.session.window0.placement.right = "1736"
2022-11-24T14:02:27.531Z In(05) vmx DICT pref.ws.session.window0.placement.bottom = "912"
2022-11-24T14:02:27.531Z In(05) vmx DICT pref.ws.session.window0.maximized = "TRUE"
2022-11-24T14:02:27.531Z In(05) vmx DICT  pref.fullscreen.autohide = "TRUE"
2022-11-24T14:02:27.531Z In(05) vmx DICT pref.ws.session.window0.tab1.cnxType = "vmdb"
2022-11-24T14:02:27.531Z In(05) vmx DICT             hints.hideAll = "FALSE"
2022-11-24T14:02:27.531Z In(05) vmx DICT pref.ws.session.window0.tab2.cnxType = "vmdb"
2022-11-24T14:02:27.531Z In(05) vmx DICT   hint.vmui.poweroff.soft = "FALSE"
2022-11-24T14:02:27.531Z In(05) vmx DICT  hint.vmui.showNewUSBDevs = "FALSE"
2022-11-24T14:02:27.531Z In(05) vmx DICT pref.ws.session.window0.tab3.cnxType = "vmdb"
2022-11-24T14:02:27.531Z In(05) vmx DICT pref.ws.session.window0.tab4.cnxType = "vmdb"
2022-11-24T14:02:27.531Z In(05) vmx DICT pref.ws.session.window0.tab5.cnxType = "vmdb"
2022-11-24T14:02:27.531Z In(05) vmx DICT pref.ws.session.window0.tab1.dest = ""
2022-11-24T14:02:27.531Z In(05) vmx DICT pref.ws.session.window0.tab1.file = "E:\Bash Scripting VM\Kali-Linux-2022.2-vmware-amd64.vmwarevm\Kali-Linux-2022.2-vmware-amd64.vmx"
2022-11-24T14:02:27.531Z In(05) vmx DICT pref.ws.session.window0.tab1.type = "vm"
2022-11-24T14:02:27.531Z In(05) vmx DICT pref.ws.session.window0.tab1.focused = "FALSE"
2022-11-24T14:02:27.531Z In(05) vmx DICT pref.ws.session.window0.tab2.dest = ""
2022-11-24T14:02:27.531Z In(05) vmx DICT pref.ws.session.window0.tab2.file = "E:\Virtual Machine 1\Kali-Linux-2022.2-vmware-amd64.vmwarevm\Kali-Linux-2022.2-vmware-amd64.vmx"
2022-11-24T14:02:27.531Z In(05) vmx DICT pref.ws.session.window0.tab2.type = "vm"
2022-11-24T14:02:27.531Z In(05) vmx DICT pref.ws.session.window0.tab2.focused = "TRUE"
2022-11-24T14:02:27.531Z In(05) vmx DICT pref.ws.session.window0.tab3.dest = ""
2022-11-24T14:02:27.531Z In(05) vmx DICT pref.ws.session.window0.tab3.file = "E:\Virtual Machine 2  HackTheBox\Kali-Linux-2022.2-vmware-amd64.vmwarevm\Kali-Linux-2022.2-vmware-amd64.vmx"
2022-11-24T14:02:27.531Z In(05) vmx DICT pref.ws.session.window0.tab3.type = "vm"
2022-11-24T14:02:27.531Z In(05) vmx DICT pref.ws.session.window0.tab3.focused = "FALSE"
2022-11-24T14:02:27.531Z In(05) vmx DICT pref.updatesVersionIgnore.numItems = "1"
2022-11-24T14:02:27.531Z In(05) vmx DICT pref.updatesVersionIgnore0.key = <not printed>
2022-11-24T14:02:27.531Z In(05) vmx DICT pref.updatesVersionIgnore0.value = "0d0429a8-d054-4f86-adfc-2740b2354c54"
2022-11-24T14:02:27.531Z In(05) vmx DICT         vmWizard.guestKey = "debian10-64"
2022-11-24T14:02:27.531Z In(05) vmx DICT vmWizard.installMediaType = "later"
2022-11-24T14:02:27.531Z In(05) vmx DICT --- USER DEFAULTS C:\Users\realme\AppData\Roaming\VMware\config.ini
2022-11-24T14:02:27.531Z In(05) vmx DICT --- HOST DEFAULTS C:\ProgramData\VMware\VMware Workstation\config.ini
2022-11-24T14:02:27.531Z In(05) vmx DICT         authd.client.port = "902"
2022-11-24T14:02:27.531Z In(05) vmx DICT           authd.proxy.nfc = "vmware-hostd:ha-nfc"
2022-11-24T14:02:27.531Z In(05) vmx DICT installerDefaults.autoSoftwareUpdateEnabled = "yes"
2022-11-24T14:02:27.531Z In(05) vmx DICT installerDefaults.autoSoftwareUpdateEnabled.epoch = "31511"
2022-11-24T14:02:27.531Z In(05) vmx DICT installerDefaults.componentDownloadEnabled = "yes"
2022-11-24T14:02:27.531Z In(05) vmx DICT installerDefaults.dataCollectionEnabled = "no"
2022-11-24T14:02:27.531Z In(05) vmx DICT installerDefaults.dataCollectionEnabled.epoch = "31511"
2022-11-24T14:02:27.531Z In(05) vmx DICT --- SITE DEFAULTS C:\ProgramData\VMware\VMware Workstation\config.ini
2022-11-24T14:02:27.531Z In(05) vmx DICT         authd.client.port = "902"
2022-11-24T14:02:27.531Z In(05) vmx DICT           authd.proxy.nfc = "vmware-hostd:ha-nfc"
2022-11-24T14:02:27.531Z In(05) vmx DICT installerDefaults.autoSoftwareUpdateEnabled = "yes"
2022-11-24T14:02:27.531Z In(05) vmx DICT installerDefaults.autoSoftwareUpdateEnabled.epoch = "31511"
2022-11-24T14:02:27.531Z In(05) vmx DICT installerDefaults.componentDownloadEnabled = "yes"
2022-11-24T14:02:27.531Z In(05) vmx DICT installerDefaults.dataCollectionEnabled = "no"
2022-11-24T14:02:27.531Z In(05) vmx DICT installerDefaults.dataCollectionEnabled.epoch = "31511"
2022-11-24T14:02:27.531Z In(05) vmx DICT --- NONPERSISTENT
2022-11-24T14:02:27.531Z In(05) vmx DICT            vmx.stdio.keep = "TRUE"
2022-11-24T14:02:27.531Z In(05) vmx DICT             gui.available = "TRUE"
2022-11-24T14:02:27.531Z In(05) vmx DICT --- COMMAND LINE
2022-11-24T14:02:27.531Z In(05) vmx DICT            vmx.stdio.keep = "TRUE"
2022-11-24T14:02:27.531Z In(05) vmx DICT             gui.available = "TRUE"
2022-11-24T14:02:27.531Z In(05) vmx DICT --- RECORDING
2022-11-24T14:02:27.531Z In(05) vmx DICT            vmx.stdio.keep = "TRUE"
2022-11-24T14:02:27.531Z In(05) vmx DICT             gui.available = "TRUE"
2022-11-24T14:02:27.531Z In(05) vmx DICT --- CONFIGURATION D:\OS\Debian 10.x 64-bit.vmx 
2022-11-24T14:02:27.531Z In(05) vmx DICT            config.version = "8"
2022-11-24T14:02:27.531Z In(05) vmx DICT         virtualHW.version = "19"
2022-11-24T14:02:27.531Z In(05) vmx DICT        pciBridge0.present = "TRUE"
2022-11-24T14:02:27.531Z In(05) vmx DICT        pciBridge4.present = "TRUE"
2022-11-24T14:02:27.531Z In(05) vmx DICT     pciBridge4.virtualDev = "pcieRootPort"
2022-11-24T14:02:27.531Z In(05) vmx DICT      pciBridge4.functions = "8"
2022-11-24T14:02:27.531Z In(05) vmx DICT        pciBridge5.present = "TRUE"
2022-11-24T14:02:27.531Z In(05) vmx DICT     pciBridge5.virtualDev = "pcieRootPort"
2022-11-24T14:02:27.531Z In(05) vmx DICT      pciBridge5.functions = "8"
2022-11-24T14:02:27.531Z In(05) vmx DICT        pciBridge6.present = "TRUE"
2022-11-24T14:02:27.531Z In(05) vmx DICT     pciBridge6.virtualDev = "pcieRootPort"
2022-11-24T14:02:27.531Z In(05) vmx DICT      pciBridge6.functions = "8"
2022-11-24T14:02:27.531Z In(05) vmx DICT        pciBridge7.present = "TRUE"
2022-11-24T14:02:27.531Z In(05) vmx DICT     pciBridge7.virtualDev = "pcieRootPort"
2022-11-24T14:02:27.531Z In(05) vmx DICT      pciBridge7.functions = "8"
2022-11-24T14:02:27.531Z In(05) vmx DICT             vmci0.present = "TRUE"
2022-11-24T14:02:27.531Z In(05) vmx DICT             hpet0.present = "TRUE"
2022-11-24T14:02:27.531Z In(05) vmx DICT                     nvram = "Debian 10.x 64-bit.nvram"
2022-11-24T14:02:27.531Z In(05) vmx DICT virtualHW.productCompatibility = "hosted"
2022-11-24T14:02:27.531Z In(05) vmx DICT        powerType.powerOff = "soft"
2022-11-24T14:02:27.531Z In(05) vmx DICT         powerType.powerOn = "soft"
2022-11-24T14:02:27.531Z In(05) vmx DICT         powerType.suspend = "soft"
2022-11-24T14:02:27.531Z In(05) vmx DICT           powerType.reset = "soft"
2022-11-24T14:02:27.531Z In(05) vmx DICT               displayName = "Debian 10.x 64-bit"
2022-11-24T14:02:27.531Z In(05) vmx DICT usb.vbluetooth.startConnected = "TRUE"
2022-11-24T14:02:27.531Z In(05) vmx DICT                   guestOS = "debian10-64"
2022-11-24T14:02:27.531Z In(05) vmx DICT                vhv.enable = "TRUE"
2022-11-24T14:02:27.531Z In(05) vmx DICT               vpmc.enable = "TRUE"
2022-11-24T14:02:27.531Z In(05) vmx DICT            tools.syncTime = "FALSE"
2022-11-24T14:02:27.531Z In(05) vmx DICT          sound.autoDetect = "TRUE"
2022-11-24T14:02:27.531Z In(05) vmx DICT            sound.fileName = "-1"
2022-11-24T14:02:27.531Z In(05) vmx DICT             sound.present = "TRUE"
2022-11-24T14:02:27.531Z In(05) vmx DICT                  numvcpus = "8"
2022-11-24T14:02:27.531Z In(05) vmx DICT      cpuid.coresPerSocket = "2"
2022-11-24T14:02:27.531Z In(05) vmx DICT               vcpu.hotadd = "TRUE"
2022-11-24T14:02:27.531Z In(05) vmx DICT                   memsize = "4000"
2022-11-24T14:02:27.531Z In(05) vmx DICT          scsi0.virtualDev = "lsilogic"
2022-11-24T14:02:27.531Z In(05) vmx DICT             scsi0.present = "TRUE"
2022-11-24T14:02:27.531Z In(05) vmx DICT          scsi0:0.fileName = "Debian 10.x 64-bit.vmdk"
2022-11-24T14:02:27.531Z In(05) vmx DICT           scsi0:0.present = "TRUE"
2022-11-24T14:02:27.531Z In(05) vmx DICT         ide1:0.deviceType = "cdrom-image"
2022-11-24T14:02:27.531Z In(05) vmx DICT           ide1:0.fileName = "D:\OS\firmware-testing-amd64-netinst.iso"
2022-11-24T14:02:27.531Z In(05) vmx DICT            ide1:0.present = "TRUE"
2022-11-24T14:02:27.531Z In(05) vmx DICT               usb.present = "TRUE"
2022-11-24T14:02:27.531Z In(05) vmx DICT              ehci.present = "TRUE"
2022-11-24T14:02:27.531Z In(05) vmx DICT  ethernet0.connectionType = "nat"
2022-11-24T14:02:27.531Z In(05) vmx DICT     ethernet0.addressType = "generated"
2022-11-24T14:02:27.531Z In(05) vmx DICT      ethernet0.virtualDev = "e1000"
2022-11-24T14:02:27.531Z In(05) vmx DICT          serial0.fileType = "thinprint"
2022-11-24T14:02:27.531Z In(05) vmx DICT          serial0.fileName = "thinprint"
2022-11-24T14:02:27.531Z In(05) vmx DICT         ethernet0.present = "TRUE"
2022-11-24T14:02:27.531Z In(05) vmx DICT           serial0.present = "TRUE"
2022-11-24T14:02:27.531Z In(05) vmx DICT        extendedConfigFile = "Debian 10.x 64-bit.vmxf"
2022-11-24T14:02:27.531Z In(05) vmx DICT           floppy0.present = "FALSE"
2022-11-24T14:02:27.531Z In(05) vmx DICT                 uuid.bios = "56 4d d5 c5 1c a5 2f d1-34 aa d7 03 ba 11 72 30"
2022-11-24T14:02:27.531Z In(05) vmx DICT             uuid.location = "56 4d d5 c5 1c a5 2f d1-34 aa d7 03 ba 11 72 30"
2022-11-24T14:02:27.531Z In(05) vmx DICT              scsi0:0.redo = ""
2022-11-24T14:02:27.531Z In(05) vmx DICT  pciBridge0.pciSlotNumber = "17"
2022-11-24T14:02:27.531Z In(05) vmx DICT  pciBridge4.pciSlotNumber = "21"
2022-11-24T14:02:27.531Z In(05) vmx DICT  pciBridge5.pciSlotNumber = "22"
2022-11-24T14:02:27.531Z In(05) vmx DICT  pciBridge6.pciSlotNumber = "23"
2022-11-24T14:02:27.531Z In(05) vmx DICT  pciBridge7.pciSlotNumber = "24"
2022-11-24T14:02:27.531Z In(05) vmx DICT       scsi0.pciSlotNumber = "16"
2022-11-24T14:02:27.531Z In(05) vmx DICT         usb.pciSlotNumber = "32"
2022-11-24T14:02:27.531Z In(05) vmx DICT   ethernet0.pciSlotNumber = "33"
2022-11-24T14:02:27.531Z In(05) vmx DICT       sound.pciSlotNumber = "34"
2022-11-24T14:02:27.531Z In(05) vmx DICT        ehci.pciSlotNumber = "35"
2022-11-24T14:02:27.531Z In(05) vmx DICT             svga.vramSize = "268435456"
2022-11-24T14:02:27.531Z In(05) vmx DICT  vmotion.checkpointFBSize = "134217728"
2022-11-24T14:02:27.531Z In(05) vmx DICT vmotion.checkpointSVGAPrimarySize = "268435456"
2022-11-24T14:02:27.531Z In(05) vmx DICT   vmotion.svga.mobMaxSize = "268435456"
2022-11-24T14:02:27.531Z In(05) vmx DICT vmotion.svga.graphicsMemoryKB = "262144"
2022-11-24T14:02:27.531Z In(05) vmx DICT ethernet0.generatedAddress = "00:0c:29:11:72:30"
2022-11-24T14:02:27.531Z In(05) vmx DICT ethernet0.generatedAddressOffset = "0"
2022-11-24T14:02:27.531Z In(05) vmx DICT                  vmci0.id = "-1173261776"
2022-11-24T14:02:27.531Z In(05) vmx DICT    monitor.phys_bits_used = "45"
2022-11-24T14:02:27.531Z In(05) vmx DICT --- USER DEFAULTS C:\Users\realme\AppData\Roaming\VMware\config.ini 
2022-11-24T14:02:27.531Z In(05) vmx DICT --- HOST DEFAULTS C:\ProgramData\VMware\VMware Workstation\config.ini 
2022-11-24T14:02:27.531Z In(05) vmx DICT         authd.client.port = "902"
2022-11-24T14:02:27.531Z In(05) vmx DICT           authd.proxy.nfc = "vmware-hostd:ha-nfc"
2022-11-24T14:02:27.531Z In(05) vmx DICT installerDefaults.autoSoftwareUpdateEnabled = "yes"
2022-11-24T14:02:27.531Z In(05) vmx DICT installerDefaults.autoSoftwareUpdateEnabled.epoch = "31511"
2022-11-24T14:02:27.531Z In(05) vmx DICT installerDefaults.componentDownloadEnabled = "yes"
2022-11-24T14:02:27.531Z In(05) vmx DICT installerDefaults.dataCollectionEnabled = "no"
2022-11-24T14:02:27.531Z In(05) vmx DICT installerDefaults.dataCollectionEnabled.epoch = "31511"
2022-11-24T14:02:27.531Z In(05) vmx DICT --- SITE DEFAULTS C:\ProgramData\VMware\VMware Workstation\config.ini 
2022-11-24T14:02:27.531Z In(05) vmx DICT         authd.client.port = "902"
2022-11-24T14:02:27.531Z In(05) vmx DICT           authd.proxy.nfc = "vmware-hostd:ha-nfc"
2022-11-24T14:02:27.531Z In(05) vmx DICT installerDefaults.autoSoftwareUpdateEnabled = "yes"
2022-11-24T14:02:27.531Z In(05) vmx DICT installerDefaults.autoSoftwareUpdateEnabled.epoch = "31511"
2022-11-24T14:02:27.531Z In(05) vmx DICT installerDefaults.componentDownloadEnabled = "yes"
2022-11-24T14:02:27.531Z In(05) vmx DICT installerDefaults.dataCollectionEnabled = "no"
2022-11-24T14:02:27.531Z In(05) vmx DICT installerDefaults.dataCollectionEnabled.epoch = "31511"
2022-11-24T14:02:27.531Z In(05) vmx DICT --- GLOBAL SETTINGS C:\ProgramData\VMware\VMware Workstation\settings.ini 
2022-11-24T14:02:27.531Z In(05) vmx DICT          printers.enabled = "FALSE"
2022-11-24T14:02:27.531Z In(05) vmx ToolsISO: open of C:\Program Files (x86)\VMware\VMware Workstation\isoimages_manifest.txt.sig failed: Could not find the file
2022-11-24T14:02:27.531Z In(05) vmx ToolsISO: Unable to read signature file 'C:\Program Files (x86)\VMware\VMware Workstation\isoimages_manifest.txt.sig', ignoring.
2022-11-24T14:02:27.531Z In(05) vmx ToolsISO: Updated cached value for imageName to 'linux.iso'.
2022-11-24T14:02:27.531Z In(05) vmx ToolsISO: Selected Tools ISO 'linux.iso' for 'debian10-64' guest.
2022-11-24T14:02:27.531Z In(05) vmx Vix: [mainDispatch.c:4206]: VMAutomation_ReportPowerOpFinished: statevar=1, newAppState=1873, success=1 additionalError=0
2022-11-24T14:02:27.536Z In(05) vmx Monitor Mode: CPL0
2022-11-24T14:02:27.536Z In(05) vmx OvhdMem_PowerOn: initial admission: paged   525471 nonpaged    37944 anonymous    17138
2022-11-24T14:02:27.536Z In(05) vmx VMMEM: Initial Reservation: 2267MB (MainMem=4000MB)
2022-11-24T14:02:27.536Z In(05) vmx MemSched_PowerOn: balloon minGuestSize 209715 (80% of min required size 262144)
2022-11-24T14:02:27.536Z In(05) vmx MemSched: reserved mem (in MB) min 128 max 4034 recommended 4034
2022-11-24T14:02:27.536Z In(05) vmx MemSched: pg 525471 np 37944 anon 17138 mem 1024000
2022-11-24T14:02:27.630Z In(05) vmx MemSched: numvm 1 locked pages: num 0 max 1015273
2022-11-24T14:02:27.630Z In(05) vmx MemSched: locked Page Limit: host 1023465 config 1032704
2022-11-24T14:02:27.630Z In(05) vmx MemSched: minmempct 50 minalloc 0 admitted 1
2022-11-24T14:02:27.630Z In(05) vmx numa: Hot add is enabled and vNUMA hot add is disabled, forcing UMA.
2022-11-24T14:02:27.630Z In(05) vmx llc: maximum vcpus per LLC: 1
2022-11-24T14:02:27.630Z In(05) vmx llc: vLLC size: 2
2022-11-24T14:02:27.630Z In(05) PowerNotifyThread VTHREAD 15548 "PowerNotifyThread"
2022-11-24T14:02:27.630Z In(05) PowerNotifyThread PowerNotify thread is alive.
2022-11-24T14:02:27.630Z In(05) vmx VMXSTATS: Registering 1 stats: vmx.logDropChars
2022-11-24T14:02:27.630Z In(05) vmx VMXSTATS: Registering 2 stats: vmx.logBytesLogged
2022-11-24T14:02:27.630Z In(05) vmx VMXSTATS: Registering 3 stats: vmx.numTimesLogDrop
2022-11-24T14:02:27.630Z In(05) vmx LICENSE using: 'HKEY_LOCAL_MACHINE\SOFTWARE\VMware, Inc.\VMware Workstation\Dormant\License.ws.16.0.e5.202001' 
2022-11-24T14:02:27.630Z In(05) vthread-16924 VTHREAD 16924 "vthread-16924"
2022-11-24T14:02:27.630Z In(05) vmx Win32U_GetFileAttributes: GetFileAttributesExW("D:\OS\Debian 10.x 64-bit.vmpl", ...) failed, error: 2
2022-11-24T14:02:27.630Z In(05) vmx PolicyVMXFindPolicyKey: policy file does not exist.
2022-11-24T14:02:27.630Z In(05) vmx Win32U_GetFileAttributes: GetFileAttributesExW("D:\OS\Debian 10.x 64-bit.vmpl", ...) failed, error: 2
2022-11-24T14:02:27.630Z In(05) vmx PolicyVMXFindPolicyKey: policy file does not exist.
2022-11-24T14:02:27.630Z In(05) vmx Host PA size: 39 bits. Guest PA size: 45 bits.
2022-11-24T14:02:27.630Z In(05) vmx ToolsISO: Refreshing imageName for 'debian10-64' (refreshCount=1, lastCount=1).
2022-11-24T14:02:27.630Z In(05) vmx ToolsISO: open of C:\Program Files (x86)\VMware\VMware Workstation\isoimages_manifest.txt.sig failed: Could not find the file
2022-11-24T14:02:27.630Z In(05) vmx ToolsISO: Unable to read signature file 'C:\Program Files (x86)\VMware\VMware Workstation\isoimages_manifest.txt.sig', ignoring.
2022-11-24T14:02:27.630Z In(05) vmx ToolsISO: Updated cached value for imageName to 'linux.iso'.
2022-11-24T14:02:27.630Z In(05) vmx ToolsISO: Selected Tools ISO 'linux.iso' for 'debian10-64' guest.
2022-11-24T14:02:27.630Z In(05) deviceThread VTHREAD 18136 "deviceThread"
2022-11-24T14:02:27.630Z In(05) deviceThread Device thread is alive
2022-11-24T14:02:27.630Z In(05) vmx Host VT-x Capabilities:
2022-11-24T14:02:27.630Z In(05) vmx Basic VMX Information (0x01da050000000013)
2022-11-24T14:02:27.630Z In(05) vmx   VMCS revision ID                  19
2022-11-24T14:02:27.630Z In(05) vmx   VMCS region length              1280
2022-11-24T14:02:27.630Z In(05) vmx   VMX physical-address width   natural
2022-11-24T14:02:27.630Z In(05) vmx   SMM dual-monitor mode            yes
2022-11-24T14:02:27.630Z In(05) vmx   VMCS memory type                  WB
2022-11-24T14:02:27.630Z In(05) vmx   Advanced INS/OUTS info           yes
2022-11-24T14:02:27.630Z In(05) vmx   True VMX MSRs                    yes
2022-11-24T14:02:27.630Z In(05) vmx   Exception Injection without error code   yes
2022-11-24T14:02:27.630Z In(05) vmx True Pin-Based VM-Execution Controls (0x000000ff00000016)
2022-11-24T14:02:27.630Z In(05) vmx   External-interrupt exiting               {0,1}
2022-11-24T14:02:27.630Z In(05) vmx   NMI exiting                              {0,1}
2022-11-24T14:02:27.630Z In(05) vmx   Virtual NMIs                             {0,1}
2022-11-24T14:02:27.630Z In(05) vmx   Activate VMX-preemption timer            {0,1}
2022-11-24T14:02:27.630Z In(05) vmx   Process posted interrupts                {0,1}
2022-11-24T14:02:27.630Z In(05) vmx True Primary Processor-Based VM-Execution Controls (0xfffbfffe04006172)
2022-11-24T14:02:27.630Z In(05) vmx   Interrupt-window exiting                 {0,1}
2022-11-24T14:02:27.630Z In(05) vmx   Use TSC offsetting                       {0,1}
2022-11-24T14:02:27.630Z In(05) vmx   HLT exiting                              {0,1}
2022-11-24T14:02:27.630Z In(05) vmx   INVLPG exiting                           {0,1}
2022-11-24T14:02:27.630Z In(05) vmx   MWAIT exiting                            {0,1}
2022-11-24T14:02:27.630Z In(05) vmx   RDPMC exiting                            {0,1}
2022-11-24T14:02:27.630Z In(05) vmx   RDTSC exiting                            {0,1}
2022-11-24T14:02:27.630Z In(05) vmx   CR3-load exiting                         {0,1}
2022-11-24T14:02:27.630Z In(05) vmx   CR3-store exiting                        {0,1}
2022-11-24T14:02:27.630Z In(05) vmx   Activate tertiary controls               {0,1}
2022-11-24T14:02:27.630Z In(05) vmx   CR8-load exiting                         {0,1}
2022-11-24T14:02:27.630Z In(05) vmx   CR8-store exiting                        {0,1}
2022-11-24T14:02:27.630Z In(05) vmx   Use TPR shadow                           {0,1}
2022-11-24T14:02:27.630Z In(05) vmx   NMI-window exiting                       {0,1}
2022-11-24T14:02:27.630Z In(05) vmx   MOV-DR exiting                           {0,1}
2022-11-24T14:02:27.630Z In(05) vmx   Unconditional I/O exiting                {0,1}
2022-11-24T14:02:27.630Z In(05) vmx   Use I/O bitmaps                          {0,1}
2022-11-24T14:02:27.630Z In(05) vmx   Monitor trap flag                        {0,1}
2022-11-24T14:02:27.630Z In(05) vmx   Use MSR bitmaps                          {0,1}
2022-11-24T14:02:27.630Z In(05) vmx   MONITOR exiting                          {0,1}
2022-11-24T14:02:27.630Z In(05) vmx   PAUSE exiting                            {0,1}
2022-11-24T14:02:27.630Z In(05) vmx   Activate secondary controls              {0,1}
2022-11-24T14:02:27.630Z In(05) vmx Secondary Processor-Based VM-Execution Controls (0x035f3fff00000000)
2022-11-24T14:02:27.630Z In(05) vmx   Virtualize APIC accesses                 {0,1}
2022-11-24T14:02:27.630Z In(05) vmx   Enable EPT                               {0,1}
2022-11-24T14:02:27.630Z In(05) vmx   Descriptor-table exiting                 {0,1}
2022-11-24T14:02:27.630Z In(05) vmx   Enable RDTSCP                            {0,1}
2022-11-24T14:02:27.630Z In(05) vmx   Virtualize x2APIC mode                   {0,1}
2022-11-24T14:02:27.630Z In(05) vmx   Enable VPID                              {0,1}
2022-11-24T14:02:27.630Z In(05) vmx   WBINVD exiting                           {0,1}
2022-11-24T14:02:27.630Z In(05) vmx   Unrestricted guest                       {0,1}
2022-11-24T14:02:27.630Z In(05) vmx   APIC-register virtualization             {0,1}
2022-11-24T14:02:27.630Z In(05) vmx   Virtual-interrupt delivery               {0,1}
2022-11-24T14:02:27.630Z In(05) vmx   PAUSE-loop exiting                       {0,1}
2022-11-24T14:02:27.630Z In(05) vmx   RDRAND exiting                           {0,1}
2022-11-24T14:02:27.630Z In(05) vmx   Enable INVPCID                           {0,1}
2022-11-24T14:02:27.630Z In(05) vmx   Enable VM Functions                      {0,1}
2022-11-24T14:02:27.630Z In(05) vmx   Use VMCS shadowing                       { 0 }
2022-11-24T14:02:27.630Z In(05) vmx   ENCLS exiting                            { 0 }
2022-11-24T14:02:27.630Z In(05) vmx   RDSEED exiting                           {0,1}
2022-11-24T14:02:27.630Z In(05) vmx   Enable PML                               {0,1}
2022-11-24T14:02:27.630Z In(05) vmx   EPT-violation #VE                        {0,1}
2022-11-24T14:02:27.630Z In(05) vmx   Conceal VMX from PT                      {0,1}
2022-11-24T14:02:27.630Z In(05) vmx   Enable XSAVES/XRSTORS                    {0,1}
2022-11-24T14:02:27.630Z In(05) vmx   PASID translation                        { 0 }
2022-11-24T14:02:27.630Z In(05) vmx   Mode-based execute control for EPT       {0,1}
2022-11-24T14:02:27.630Z In(05) vmx   Sub-page write permissions for EPT       { 0 }
2022-11-24T14:02:27.630Z In(05) vmx   PT uses guest physical addresses         {0,1}
2022-11-24T14:02:27.630Z In(05) vmx   Use TSC scaling                          {0,1}
2022-11-24T14:02:27.630Z In(05) vmx   Enable UMWAIT and TPAUSE                 { 0 }
2022-11-24T14:02:27.630Z In(05) vmx   Enable ENCLV in VMX non-root mode        { 0 }
2022-11-24T14:02:27.630Z In(05) vmx   Enable EPC Virtualization Extensions     { 0 }
2022-11-24T14:02:27.630Z In(05) vmx   Bus lock exiting                         { 0 }
2022-11-24T14:02:27.630Z In(05) vmx   Notification VM exits                    { 0 }
2022-11-24T14:02:27.630Z In(05) vmx Tertiary Processor-Based VM-Execution Controls (0x0000000000000001)
2022-11-24T14:02:27.630Z In(05) vmx   LOADIWKEY exiting                         yes
2022-11-24T14:02:27.630Z In(05) vmx   Enable HLAT                                no
2022-11-24T14:02:27.630Z In(05) vmx   Enable Paging-Write                        no
2022-11-24T14:02:27.630Z In(05) vmx   Enable Guest Paging Verification           no
2022-11-24T14:02:27.630Z In(05) vmx   Enable IPI Virtualization                  no
2022-11-24T14:02:27.630Z In(05) vmx True VM-Exit Controls (0x137fffff00036dfb)
2022-11-24T14:02:27.630Z In(05) vmx   Save debug controls                      {0,1}
2022-11-24T14:02:27.630Z In(05) vmx   Host address-space size                  {0,1}
2022-11-24T14:02:27.630Z In(05) vmx   Load IA32_PERF_GLOBAL_CTRL               {0,1}
2022-11-24T14:02:27.630Z In(05) vmx   Acknowledge interrupt on exit            {0,1}
2022-11-24T14:02:27.630Z In(05) vmx   Save IA32_PAT                            {0,1}
2022-11-24T14:02:27.630Z In(05) vmx   Load IA32_PAT                            {0,1}
2022-11-24T14:02:27.630Z In(05) vmx   Save IA32_EFER                           {0,1}
2022-11-24T14:02:27.630Z In(05) vmx   Load IA32_EFER                           {0,1}
2022-11-24T14:02:27.630Z In(05) vmx   Save VMX-preemption timer                {0,1}
2022-11-24T14:02:27.630Z In(05) vmx   Clear IA32_BNDCFGS                       { 0 }
2022-11-24T14:02:27.630Z In(05) vmx   Conceal VMX from processor trace         {0,1}
2022-11-24T14:02:27.630Z In(05) vmx   Clear IA32_RTIT MSR                      {0,1}
2022-11-24T14:02:27.630Z In(05) vmx   Clear IA32_LBR_CTL MSR                   { 0 }
2022-11-24T14:02:27.630Z In(05) vmx   Clear user-interrupt notification vector { 0 }
2022-11-24T14:02:27.630Z In(05) vmx   Load CET state                           {0,1}
2022-11-24T14:02:27.630Z In(05) vmx   Load PKRS                                { 0 }
2022-11-24T14:02:27.630Z In(05) vmx True VM-Entry Controls (0x0016ffff000011fb)
2022-11-24T14:02:27.630Z In(05) vmx   Load debug controls                      {0,1}
2022-11-24T14:02:27.630Z In(05) vmx   IA-32e mode guest                        {0,1}
2022-11-24T14:02:27.630Z In(05) vmx   Entry to SMM                             {0,1}
2022-11-24T14:02:27.630Z In(05) vmx   Deactivate dual-monitor mode             {0,1}
2022-11-24T14:02:27.630Z In(05) vmx   Load IA32_PERF_GLOBAL_CTRL               {0,1}
2022-11-24T14:02:27.630Z In(05) vmx   Load IA32_PAT                            {0,1}
2022-11-24T14:02:27.630Z In(05) vmx   Load IA32_EFER                           {0,1}
2022-11-24T14:02:27.630Z In(05) vmx   Load IA32_BNDCFGS                        { 0 }
2022-11-24T14:02:27.630Z In(05) vmx   Conceal VMX from processor trace         {0,1}
2022-11-24T14:02:27.630Z In(05) vmx   Load IA32_RTIT MSR                       {0,1}
2022-11-24T14:02:27.630Z In(05) vmx   Load user-interrupt notification vector  { 0 }
2022-11-24T14:02:27.630Z In(05) vmx   Load CET state                           {0,1}
2022-11-24T14:02:27.630Z In(05) vmx   Load IA32_LBR_CTL MSR                    { 0 }
2022-11-24T14:02:27.630Z In(05) vmx   Load PKRS                                { 0 }
2022-11-24T14:02:27.630Z In(05) vmx VPID and EPT Capabilities (0x00000f0106f34141)
2022-11-24T14:02:27.630Z In(05) vmx   R=0/W=0/X=1                               yes
2022-11-24T14:02:27.630Z In(05) vmx   Page-walk length 3                        yes
2022-11-24T14:02:27.630Z In(05) vmx   EPT memory type WB                        yes
2022-11-24T14:02:27.630Z In(05) vmx   2MB super-page                            yes
2022-11-24T14:02:27.630Z In(05) vmx   1GB super-page                            yes
2022-11-24T14:02:27.630Z In(05) vmx   INVEPT support                            yes
2022-11-24T14:02:27.630Z In(05) vmx   Access & Dirty Bits                       yes
2022-11-24T14:02:27.630Z In(05) vmx   Advanced VM exit information for EPT violations   yes
2022-11-24T14:02:27.630Z In(05) vmx   Supervisor shadow-stack control           yes
2022-11-24T14:02:27.630Z In(05) vmx   Type 1 INVEPT                             yes
2022-11-24T14:02:27.630Z In(05) vmx   Type 2 INVEPT                             yes
2022-11-24T14:02:27.630Z In(05) vmx   INVVPID support                           yes
2022-11-24T14:02:27.630Z In(05) vmx   Type 0 INVVPID                            yes
2022-11-24T14:02:27.630Z In(05) vmx   Type 1 INVVPID                            yes
2022-11-24T14:02:27.630Z In(05) vmx   Type 2 INVVPID                            yes
2022-11-24T14:02:27.630Z In(05) vmx   Type 3 INVVPID                            yes
2022-11-24T14:02:27.630Z In(05) vmx Miscellaneous VMX Data (0x000000007004c1e7)
2022-11-24T14:02:27.630Z In(05) vmx   TSC to preemption timer ratio      7
2022-11-24T14:02:27.630Z In(05) vmx   VM-Exit saves EFER.LMA           yes
2022-11-24T14:02:27.630Z In(05) vmx   Activity State HLT               yes
2022-11-24T14:02:27.630Z In(05) vmx   Activity State shutdown          yes
2022-11-24T14:02:27.630Z In(05) vmx   Activity State wait-for-SIPI     yes
2022-11-24T14:02:27.630Z In(05) vmx   Processor trace in VMX           yes
2022-11-24T14:02:27.630Z In(05) vmx   RDMSR SMBASE MSR in SMM          yes
2022-11-24T14:02:27.630Z In(05) vmx   CR3 targets supported              4
2022-11-24T14:02:27.630Z In(05) vmx   Maximum MSR list size            512
2022-11-24T14:02:27.630Z In(05) vmx   VMXOFF holdoff of SMIs           yes
2022-11-24T14:02:27.630Z In(05) vmx   Allow all VMWRITEs               yes
2022-11-24T14:02:27.630Z In(05) vmx   Allow zero instruction length    yes
2022-11-24T14:02:27.630Z In(05) vmx   MSEG revision ID                   0
2022-11-24T14:02:27.630Z In(05) vmx VMX-Fixed Bits in CR0 (0x0000000080000021/0x00000000ffffffff)
2022-11-24T14:02:27.630Z In(05) vmx   Fixed to 0        0xffffffff00000000
2022-11-24T14:02:27.630Z In(05) vmx   Fixed to 1        0x0000000080000021
2022-11-24T14:02:27.630Z In(05) vmx   Variable          0x000000007fffffde
2022-11-24T14:02:27.630Z In(05) vmx VMX-Fixed Bits in CR4 (0x0000000000002000/0x0000000000ff2fff)
2022-11-24T14:02:27.630Z In(05) vmx   Fixed to 0        0xffffffffff00d000
2022-11-24T14:02:27.630Z In(05) vmx   Fixed to 1        0x0000000000002000
2022-11-24T14:02:27.630Z In(05) vmx   Variable          0x0000000000ff0fff
2022-11-24T14:02:27.630Z In(05) vmx VMCS Enumeration (0x000000000000002e)
2022-11-24T14:02:27.630Z In(05) vmx   Highest index                   0x17
2022-11-24T14:02:27.630Z In(05) vmx VM Functions (0x0000000000000001)
2022-11-24T14:02:27.630Z In(05) vmx   Function  0 (EPTP-switching) supported.
2022-11-24T14:02:27.630Z In(05) vmx Monitor_PowerOn: hostedVSMPMaxSkew is 1500 us (3628799 cycles)
2022-11-24T14:02:27.630Z In(05) vmx vmm-modules: [vmm.vmm, vmce-vmce.vmm, viommu-none.vmm, vprobe-none.vmm, hv-vt.vmm, gphys-ept.vmm, callstack-none.vmm, gi-none.vmm, gmm-none.vmm, !e1000Shared=0x0, !vmSamples=0x880, !theIOSpace=0x980, !ttGPPerVcpu=0x6f40, {UseUnwind}=0x0, numVCPUsAsAddr=0x8, {SharedAreaReservations}=0x6fc0, {rodataSize}=0x22520, {textAddr}=0xfffffffffc000000, {textSize}=0x94b33, <MonSrcFile>]
2022-11-24T14:02:27.630Z In(05) vmx vmm-vcpus:   8
2022-11-24T14:02:27.677Z In(05) vmx KHZEstimate 2419199
2022-11-24T14:02:27.677Z In(05) vmx MHZEstimate 2419
2022-11-24T14:02:27.677Z In(05) vmx NumVCPUs 8
2022-11-24T14:02:27.677Z In(05) vmx AIOGNRC: numThreads=18 ide=0, scsi=1, passthru=1
2022-11-24T14:02:27.677Z In(05) vmx WORKER: Creating new group with maxThreads=18 (18)
2022-11-24T14:02:27.692Z In(05) vmx WORKER: Creating new group with maxThreads=1 (19)
2022-11-24T14:02:27.692Z In(05) vmx MainMem: CPT Host WZ=0 PF=4000 D=0
2022-11-24T14:02:27.692Z In(05) vmx MainMem: CPT PLS=1 PLR=1 BS=1 BlkP=32 Mult=4 W=50
2022-11-24T14:02:27.692Z In(05) vmx MainMem: Opened paging file, 'D:\OS\564dd5c5-1ca5-2fd1-34aa-d703ba117230.vmem'.
2022-11-24T14:02:27.692Z In(05) vmx MStat: Creating Stat vm.uptime
2022-11-24T14:02:27.692Z In(05) vmx MStat: Creating Stat vm.suspendTime
2022-11-24T14:02:27.692Z In(05) vmx MStat: Creating Stat vm.powerOnTimeStamp
2022-11-24T14:02:27.692Z In(05) aioCompletion VTHREAD 2136 "aioCompletion"
2022-11-24T14:02:27.692Z In(05) vmx VMXAIOMGR: Using: simple=Compl
2022-11-24T14:02:27.708Z In(05) vmx WORKER: Creating new group with maxThreads=1 (20)
2022-11-24T14:02:27.708Z In(05) vmx WORKER: Creating new group with maxThreads=14 (34)
2022-11-24T14:02:27.708Z In(05) vmx FeatureCompat: No VM masks.
2022-11-24T14:02:27.708Z In(05) vmx TimeTracker host to guest rate conversion 582999234 @ 2419199000Hz -> 0 @ 2419199000Hz
2022-11-24T14:02:27.708Z In(05) vmx TimeTracker host to guest rate conversion ((x * 2147483648) >> 31) + -582999234
2022-11-24T14:02:27.708Z In(05) vmx TSC scaling enabled.
2022-11-24T14:02:27.708Z In(05) vmx TSC offsetting enabled.
2022-11-24T14:02:27.708Z In(05) vmx timeTracker.globalProgressMaxAllowanceMS: 2000
2022-11-24T14:02:27.708Z In(05) vmx timeTracker.globalProgressToAllowanceNS: 1000
2022-11-24T14:02:27.708Z In(05) vmx MKS PowerOn
2022-11-24T14:02:27.708Z In(05) mks VTHREAD 2084 "mks"
2022-11-24T14:02:27.708Z In(05) mks MKS thread is alive
2022-11-24T14:02:27.708Z In(05) svga VTHREAD 1896 "svga"
2022-11-24T14:02:27.708Z In(05) svga SVGA thread is alive
2022-11-24T14:02:27.708Z In(05) mks MKS: SSE2=1, SSSE3=1, SSE4_1=1
2022-11-24T14:02:27.708Z In(05) mouse VTHREAD 13612 "mouse"
2022-11-24T14:02:27.708Z In(05) mks MKS-HookKeyboard: RegQueryValueEx(LowLevelHooksTimeout) failed: The system cannot find the file specified (2)
2022-11-24T14:02:27.708Z In(05) kbh VTHREAD 5804 "kbh"
2022-11-24T14:02:27.724Z In(05) mks MKS Win32: Registering top level window (0x30952) to receive session change notification.
2022-11-24T14:02:27.724Z In(05) mks Current Display Settings:
2022-11-24T14:02:27.724Z In(05) mks    Display: 0 size: 2160x1440  position: (0, 0) name: \\.\DISPLAY1  
2022-11-24T14:02:27.724Z In(05) mks MKS Win32: MIL: 0x4000
2022-11-24T14:02:27.724Z In(05) mks MKS-RenderMain: PowerOn allowed MKSBasicOps 
2022-11-24T14:02:27.724Z In(05) mks MKS-RenderMain: ISB enabled by config
2022-11-24T14:02:27.724Z In(05) mks MKS-RenderMain: Collecting RenderOps caps from MKSBasicOps
2022-11-24T14:02:27.724Z In(05) mks MKS-RenderMain: Starting MKSBasicOps
2022-11-24T14:02:27.724Z In(05) mks MKS-RenderMain: Started MKSBasicOps
2022-11-24T14:02:27.724Z In(05) mks MKS-RenderMain: Found Full Renderer: MKSBasicOps
2022-11-24T14:02:27.724Z In(05) mks MKS-RenderMain: maxTextureSize=32768
2022-11-24T14:02:27.724Z In(05) mks KHBKL: Unable to parse keystring at: ''
2022-11-24T14:02:27.724Z In(05) mks MKSRemoteMgr: Set default display name: Debian 10.x 64-bit
2022-11-24T14:02:27.724Z In(05) mks MKSRemoteMgr: Loading VNC Configuration from VM config file
2022-11-24T14:02:27.724Z In(05) mks MKSRemoteMgr: Using default VNC keymap table "us"
2022-11-24T14:02:27.724Z In(05) vmx VLANCE: send cluster threshold is 80, size = 2 recalcInterval is 20000 us
2022-11-24T14:02:27.724Z In(05) vmx VMXNET: send cluster threshold is 80, size = 2 recalcInterval is 20000 ticks, dontClusterSize is 128
2022-11-24T14:02:27.724Z In(05) vmx Chipset version: 0x17
2022-11-24T14:02:27.724Z In(05) vmx SOUNDLIB: Creating the Wave sound backend.
2022-11-24T14:02:27.724Z In(05) vmx MigrateBusMemPrealloc: BusMem preallocation begins.
2022-11-24T14:02:27.724Z In(05) vmx MigrateBusMemPrealloc: BusMem preallocation completes.
2022-11-24T14:02:27.724Z No(00) vmx ConfigDB: Setting scsi0:0.redo = ""
2022-11-24T14:02:27.724Z In(05) vmx DISK: OPEN scsi0:0 'D:\OS\Debian 10.x 64-bit.vmdk' persistent R[]
2022-11-24T14:02:27.739Z In(05) vmx DISKLIB-LIB_MISC   : DiskLib_GetStorageBlockSizes: Failed to get storage block sizes, The virtual disk requires a feature not supported by this program.
2022-11-24T14:02:27.739Z In(05) vmx DiskGetGeometry: Reading of disk partition table
2022-11-24T14:02:27.739Z In(05) vmx DISK: Disk 'D:\OS\Debian 10.x 64-bit.vmdk' has UUID '60 00 c2 9e ec 18 69 19-62 4b a8 04 bd 4a b9 4b'
2022-11-24T14:02:27.739Z In(05) vmx DISK: OPEN 'D:\OS\Debian 10.x 64-bit.vmdk' Geo (2610/255/63) BIOS Geo (0/0/0)
2022-11-24T14:02:27.739Z In(05) vmx DISKUTILWIN32: DiskUtilW32IsATASSDDevice: Failed to send ATA IDENTIFY command to the target device.
2022-11-24T14:02:27.739Z In(05) vmx DISKUTILWIN32: DiskUtilW32IsScsiSSDDevice: Reported rotation rate = 1
2022-11-24T14:02:27.739Z In(05) vmx DISKUTILWIN32: DiskUtilW32IsATASSDDevice: Failed to send ATA IDENTIFY command to the target device.
2022-11-24T14:02:27.739Z In(05) vmx DISKUTILWIN32: DiskUtilW32IsScsiSSDDevice: Reported rotation rate = 1
2022-11-24T14:02:27.739Z In(05) vmx DISKUTILWIN32: DiskUtilW32IsATASSDDevice: Failed to send ATA IDENTIFY command to the target device.
2022-11-24T14:02:27.739Z In(05) vmx DISKUTILWIN32: DiskUtilW32IsScsiSSDDevice: Reported rotation rate = 1
2022-11-24T14:02:27.739Z In(05) vmx DISKUTILWIN32: DiskUtilW32IsATASSDDevice: Failed to send ATA IDENTIFY command to the target device.
2022-11-24T14:02:27.739Z In(05) vmx DISKUTILWIN32: DiskUtilW32IsScsiSSDDevice: Reported rotation rate = 1
2022-11-24T14:02:27.739Z In(05) vmx DISKUTILWIN32: DiskUtilW32IsATASSDDevice: Failed to send ATA IDENTIFY command to the target device.
2022-11-24T14:02:27.739Z In(05) vmx DISKUTILWIN32: DiskUtilW32IsScsiSSDDevice: Reported rotation rate = 1
2022-11-24T14:02:27.739Z In(05) vmx DISKUTILWIN32: DiskUtilW32IsATASSDDevice: Failed to send ATA IDENTIFY command to the target device.
2022-11-24T14:02:27.739Z In(05) vmx DISKUTILWIN32: DiskUtilW32IsScsiSSDDevice: Reported rotation rate = 1
2022-11-24T14:02:27.739Z In(05) vmx DISK: DiskConfigureVirtualSSD:  Disk 'scsi0:0' identified as Virtual SSD device.
2022-11-24T14:02:27.739Z In(05) vmx DISK: Opening disks took 15 ms.
2022-11-24T14:02:27.755Z In(05) vmx USBArbLib: USBArbLib initialized successfully, retryIntervalStart(5), retryIntervalMax(120), arbSocketName(\\.\pipe\vmware-usbarbpipe), useLocking(yes), noSetStringVersion(no).
2022-11-24T14:02:27.755Z In(05) vmx UsbEnum: Initializing UsbEnum library, disableLocking(no), allowBootableHid(yes).
2022-11-24T14:02:27.755Z In(05) vmx USB: Initializing 'Virtual Hub' backend
2022-11-24T14:02:27.755Z In(05) vmx USB: Initializing 'Generic' backend
2022-11-24T14:02:27.755Z Wa(03) vmx USBArbLib: OUT SET_AUTO_CONNECT: Not connected to arbitrator, autoconnect(0) for client 'Debian 10.x 64-bit', connectState(1).
2022-11-24T14:02:27.755Z In(05) vmx USB: Initializing 'Virtual HID' backend
2022-11-24T14:02:27.755Z In(05) sensorThread VTHREAD 8040 "sensorThread"
2022-11-24T14:02:27.755Z In(05) vmx USB: Initializing 'Remote Device' backend
2022-11-24T14:02:27.755Z In(05) vmx RemoteUSBVMX: Retrieved hostId [27 08 21 20 85 14 cb 7f-bc 3b 14 85 7f cb bc 3f]
2022-11-24T14:02:27.755Z In(05) vmx RemoteUSBVMX: Protocol version min:15 current:19
2022-11-24T14:02:27.755Z In(05) vmx RemoteUSBVMX: no delay setting is TRUE.
2022-11-24T14:02:27.755Z In(05) vmx USB: Initializing 'Virtual Mass Storage' backend
2022-11-24T14:02:27.755Z In(05) vmx USB: Initializing 'Virtual RNG' backend
2022-11-24T14:02:27.755Z In(05) vmx USB: Initializing 'Virtual CCID' backend
2022-11-24T14:02:27.755Z In(05) vmx USB-CCID: Could not establish context: SCARD_E_NO_SERVICE(0x8010001d).
2022-11-24T14:02:27.755Z In(05) vmx USB-CCID: Could not establish context: SCARD_E_NO_SERVICE(0x8010001d).
2022-11-24T14:02:27.755Z In(05) usbCCIDEnumCards VTHREAD 16172 "usbCCIDEnumCards"
2022-11-24T14:02:27.755Z In(05) usbCCIDEnumCards USB-CCID: Card enum thread created.
2022-11-24T14:02:27.755Z In(05) vmx USB: Initializing 'Virtual Bluetooth' backend
2022-11-24T14:02:27.755Z In(05) vmx USB: Initializing 'Virtual Audio' backend
2022-11-24T14:02:27.755Z In(05) vmx USB: Initializing 'Virtual Video' backend
2022-11-24T14:02:27.755Z In(05) vmx USBGW: Skipping disk backing for file (D:\OS\Debian 10.x 64-bit.vmx).
2022-11-24T14:02:27.755Z In(05) vmx USBGW: Skipping disk backing for file (D:\OS\Debian 10.x 64-bit.vmdk).
2022-11-24T14:02:27.755Z In(05) vmx USBGW: Skipping disk backing for file (D:\OS\Debian 10.x 64-bit.vmsd).
2022-11-24T14:02:27.755Z In(05) vmx USBGW: Skipping disk backing for file (D:\OS\Debian 10.x 64-bit.nvram).
2022-11-24T14:02:27.755Z In(05) usbCCIDEnumCards USB-CCID: Could not establish context: SCARD_E_NO_SERVICE(0x8010001d).
2022-11-24T14:02:27.755Z No(00) vmx ConfigDB: Setting pciBridge4.pciSlotNumber = "-1"
2022-11-24T14:02:27.755Z No(00) vmx ConfigDB: Setting pciBridge5.pciSlotNumber = "-1"
2022-11-24T14:02:27.755Z No(00) vmx ConfigDB: Setting pciBridge6.pciSlotNumber = "-1"
2022-11-24T14:02:27.755Z No(00) vmx ConfigDB: Setting pciBridge7.pciSlotNumber = "-1"
2022-11-24T14:02:27.755Z No(00) vmx ConfigDB: Setting pciBridge4.pciSlotNumber = "21"
2022-11-24T14:02:27.755Z No(00) vmx ConfigDB: Setting pciBridge5.pciSlotNumber = "22"
2022-11-24T14:02:27.755Z No(00) vmx ConfigDB: Setting pciBridge6.pciSlotNumber = "23"
2022-11-24T14:02:27.755Z No(00) vmx ConfigDB: Setting pciBridge7.pciSlotNumber = "24"
2022-11-24T14:02:27.770Z In(05) vmx SCSI DEVICE (ide1:0): Computed value of ide1:0.useBounceBuffers: default
2022-11-24T14:02:27.770Z In(05) vmx DISKUTIL: ide1:0 : capacity=0 logical sector size=2048
2022-11-24T14:02:27.770Z In(05) vmx DISKUTIL: ide1:0 : geometry=0/0/0
2022-11-24T14:02:27.770Z In(05) vmx SCSI: scsi0: intr coalescing: on period=50msec cifTh=4 iopsTh=2000 hlt=0
2022-11-24T14:02:27.770Z In(05) vmx SCSI0: UNTAGGED commands will be converted to ORDER tags.
2022-11-24T14:02:27.770Z In(05) vmx SCSI DEVICE (scsi0:0): Computed value of scsi0:0.useBounceBuffers: default
2022-11-24T14:02:27.770Z In(05) vmx DISKUTIL: scsi0:0 : capacity=41943040 logical sector size=512
2022-11-24T14:02:27.770Z In(05) vmx DISKUTIL: scsi0:0 : geometry=2610/255/63
2022-11-24T14:02:27.770Z In(05) vmx SVGA-GFB: Config settings: autodetect=1, numDisplays=1, maxWidth=2560, maxHeight=1600
2022-11-24T14:02:27.770Z In(05) vmx SVGA-GFB: Desired maximum display topology: wh(6688, 5016)
2022-11-24T14:02:27.770Z In(05) vmx SVGA-GFB: Autodetected target gfbSize = 268435456
2022-11-24T14:02:27.770Z In(05) vmx SVGA-GFB: Using Initial       gfbSize = 134217728
2022-11-24T14:02:27.770Z In(05) vmx SVGA-GFB: MaxPrimaryMem      register = 268435456
2022-11-24T14:02:27.770Z In(05) vmx SVGA-GFB: Max wh(6688, 5016), number of displays: 10
2022-11-24T14:02:27.770Z In(05) vmx SVGA-GFB: Allocated gfbSize=134217728
2022-11-24T14:02:27.770Z No(00) vmx ConfigDB: Setting vmotion.checkpointFBSize = "134217728"
2022-11-24T14:02:27.770Z No(00) vmx ConfigDB: Setting vmotion.checkpointSVGAPrimarySize = "268435456"
2022-11-24T14:02:27.770Z In(05) vmx SVGA: SVGA DeviceLabel: svga2
2022-11-24T14:02:27.770Z In(05) vmx SVGACaps: Device       caps : 0xfdff83e2
2022-11-24T14:02:27.770Z In(05) vmx SVGACaps: Device       caps2: 0x00006fff
2022-11-24T14:02:27.770Z No(00) vmx ConfigDB: Setting vmotion.svga.mobMaxSize = "268435456"
2022-11-24T14:02:27.770Z No(00) vmx ConfigDB: Setting vmotion.svga.graphicsMemoryKB = "262144"
2022-11-24T14:02:27.770Z In(05) vmx SVGA: mobMaxSize=268435456
2022-11-24T14:02:27.770Z In(05) vmx SVGA: graphicsMemoryKB=262144
2022-11-24T14:02:27.770Z In(05) vmx SVGA: FIFO capabilities 0x0000077f
2022-11-24T14:02:27.770Z In(05) vmx SVGA3dClamp: Renderer Provides     BC67Level:     0 (    0,     0)
2022-11-24T14:02:27.770Z In(05) vmx SVGA3dClamp: Renderer Provides BaseCapsLevel:     0 (    0,     0)
2022-11-24T14:02:27.770Z In(05) vmx SVGA3dClamp: Renderer Provides    ClampLevel:     0 (    0,     0)
2022-11-24T14:02:27.770Z In(05) vmx SVGA3dCaps: host, at power on (3d disabled)
2022-11-24T14:02:27.770Z In(05) vmx   cap[ 19]: 0x00002000 (MAX_TEXTURE_WIDTH)
2022-11-24T14:02:27.770Z In(05) vmx   cap[ 20]: 0x00002000 (MAX_TEXTURE_HEIGHT)
2022-11-24T14:02:27.770Z In(05) vmx   cap[ 93]: 0x00000001 (TS_COLOR_KEY)
2022-11-24T14:02:27.770Z In(05) vmx SVGA3dClamp:     Host Provides     BC67Level:     0 (    0,     0)
2022-11-24T14:02:27.770Z In(05) vmx SVGA3dClamp:     Host Provides BaseCapsLevel:     0 (    0,     4)
2022-11-24T14:02:27.770Z In(05) vmx SVGA3dClamp:     Host Provides    ClampLevel:     0 (    0,     0)
2022-11-24T14:02:27.770Z In(05) vmx SVGA3dCaps: guest, compatibility level: 9
2022-11-24T14:02:27.770Z In(05) vmx   cap[ 19]: 0x00002000 (MAX_TEXTURE_WIDTH)
2022-11-24T14:02:27.770Z In(05) vmx   cap[ 20]: 0x00002000 (MAX_TEXTURE_HEIGHT)
2022-11-24T14:02:27.770Z In(05) vmx SVGA3dClamp:    Guest Requires     BC67Level:     0 (    0,     0)
2022-11-24T14:02:27.770Z In(05) vmx SVGA3dClamp:    Guest Requires BaseCapsLevel:     0 (    0,     0)
2022-11-24T14:02:27.770Z In(05) vmx SVGA3dClamp:    Guest Requires    ClampLevel:     0 (    0,     0)
2022-11-24T14:02:27.770Z In(05) vmx USB: Initializing 'UHCI' host controller
2022-11-24T14:02:27.770Z In(05) vmx Ethernet0 MAC Address: 00:0c:29:11:72:30
2022-11-24T14:02:27.770Z In(05) vmx USB: Initializing 'EHCI' host controller
2022-11-24T14:02:27.770Z No(00) vmx ConfigDB: Setting vmci0.id = "-1173261776"
2022-11-24T14:02:27.770Z In(05) vmx WORKER: Creating new group with maxThreads=1 (35)
2022-11-24T14:02:27.770Z In(05) vmx DISKUTIL: (null) : max toolsVersion = 0, type = 0
2022-11-24T14:02:27.770Z In(05) vmx DISKUTIL: Offline toolsVersion = 0, type = 0
2022-11-24T14:02:27.770Z In(05) vmx TOOLS setting legacy tools version to '0' type 0, manifest status is 9
2022-11-24T14:02:27.770Z In(05) vmx ToolsISO: Refreshing imageName for 'debian10-64' (refreshCount=1, lastCount=1).
2022-11-24T14:02:27.770Z In(05) vmx ToolsISO: open of C:\Program Files (x86)\VMware\VMware Workstation\isoimages_manifest.txt.sig failed: Could not find the file
2022-11-24T14:02:27.770Z In(05) vmx ToolsISO: Unable to read signature file 'C:\Program Files (x86)\VMware\VMware Workstation\isoimages_manifest.txt.sig', ignoring.
2022-11-24T14:02:27.770Z In(05) vmx ToolsISO: Updated cached value for imageName to 'linux.iso'.
2022-11-24T14:02:27.770Z In(05) vmx ToolsISO: Selected Tools ISO 'linux.iso' for 'debian10-64' guest.
2022-11-24T14:02:27.770Z In(05) vmx TOOLS updated cached value for isoImageExists to 1.
2022-11-24T14:02:27.770Z In(05) vmx VMXVmdb_SetToolsVersionStatus: status value set to 'noTools', 'noTools', install possible
2022-11-24T14:02:27.770Z In(05) vmx ToolsISO: Refreshing imageName for 'debian10-64' (refreshCount=1, lastCount=1).
2022-11-24T14:02:27.770Z In(05) vmx ToolsISO: open of C:\Program Files (x86)\VMware\VMware Workstation\isoimages_manifest.txt.sig failed: Could not find the file
2022-11-24T14:02:27.770Z In(05) vmx ToolsISO: Unable to read signature file 'C:\Program Files (x86)\VMware\VMware Workstation\isoimages_manifest.txt.sig', ignoring.
2022-11-24T14:02:27.770Z In(05) vmx ToolsISO: Updated cached value for imageName to 'linux.iso'.
2022-11-24T14:02:27.770Z In(05) vmx ToolsISO: Selected Tools ISO 'linux.iso' for 'debian10-64' guest.
2022-11-24T14:02:27.770Z In(05) vmx TOOLS updated cached value for isoImageExists to 1.
2022-11-24T14:02:27.770Z In(05) vmx VMXVmdb_SetToolsVersionStatus: status value set to 'noTools', 'noTools', install possible
2022-11-24T14:02:27.770Z In(05) vmx Tools: sending 'OS_PowerOn' (state = 3) state change request
2022-11-24T14:02:27.770Z In(05) vmx Tools: Delaying state change request to state 3.
2022-11-24T14:02:27.770Z In(05) vmx TOOLS INSTALL initializing state to IDLE on power on.
2022-11-24T14:02:27.770Z In(05) vmx TOOLS INSTALL updating Rpc handlers registration.
2022-11-24T14:02:27.770Z In(05) vmx TOOLS INSTALL register RPC: upgrader.setGuestFileRoot
2022-11-24T14:02:27.770Z In(05) vmx TOOLS INSTALL register RPC: toolinstall.is_image_inserted
2022-11-24T14:02:27.770Z In(05) vmx TOOLS INSTALL register RPC: toolinstall.installerActive
2022-11-24T14:02:27.770Z In(05) vmx TOOLS INSTALL register RPC: guest.upgrader_send_cmd_line_args
2022-11-24T14:02:27.770Z In(05) vmx P9FS_PowerOn: 9PFS server is not enabled.
2022-11-24T14:02:27.770Z In(05) vmx HgfsServerManagerVigorInit: Initialize: dev api
2022-11-24T14:02:27.770Z In(05) vmx MKSVMX: Copy/paste enabled = 1
2022-11-24T14:02:27.770Z In(05) vmx DEPLOYPKG: No pending deploy package name set
2022-11-24T14:02:27.770Z In(05) vmx DEPLOYPKG: ToolsDeployPkgPublishState: state=0, code=0, message=(null)
2022-11-24T14:02:27.770Z In(05) vmx MonPmc: ctrBase 0x4c1 selBase 0x186/1 PGC 1/1 SMM 1 drain 0 AMD 0
2022-11-24T14:02:27.770Z In(05)+ vmx MonPmc:   gen counters num: 8 width 48 write width 48
2022-11-24T14:02:27.770Z In(05)+ vmx MonPmc:   fix counters num: 4 width 48; version 5
2022-11-24T14:02:27.770Z In(05)+ vmx MonPmc:   unavailable counters: 0xf000000ff
2022-11-24T14:02:27.770Z No(00) vmx ConfigDB: Setting monitor.phys_bits_used = "45"
2022-11-24T14:02:27.770Z In(05) vmx Full guest CPUID with differences from hostCPUID highlighted.
2022-11-24T14:02:27.770Z In(05) vmx guest vs. host CPUID guest vendor: GenuineIntel
2022-11-24T14:02:27.770Z In(05) vmx guest vs. host CPUID guest family: 0x6 model: 0x8c stepping: 0x1
2022-11-24T14:02:27.770Z In(05) vmx guest vs. host CPUID guest codename: Tiger Lake
2022-11-24T14:02:27.770Z In(05) vmx guest vs. host CPUID guest name: 11th Gen Intel(R) Core(TM) i5-1135G7 @ 2.40GHz
2022-11-24T14:02:27.770Z In(05) vmx guest vs. host CPUID       level eaxIn, ecxIn:        eax        ebx        ecx        edx
2022-11-24T14:02:27.770Z In(05) vmx guest vs. host CPUID guest level 00000000,  0: 0x0000001b 0x756e6547 0x6c65746e 0x49656e69
2022-11-24T14:02:27.770Z In(05) vmx guest vs. host CPUID guest level 00000001,  0: 0x000806c1 0x00020800 0xf7fa3223 0x1f8bfbff
2022-11-24T14:02:27.770Z In(05) vmx guest vs. host CPUID *host level 00000001,  0: 0x000806c1 0x00100800 0x7ffafbbf 0xbfebfbff
2022-11-24T14:02:27.770Z In(05) vmx guest vs. host CPUID guest level 00000002,  0: 0x00feff01 0x000000f0 0x00000000 0x00000000
2022-11-24T14:02:27.770Z In(05) vmx guest vs. host CPUID guest level 00000004,  0: 0x04000121 0x02c0003f 0x0000003f 0x00000000
2022-11-24T14:02:27.770Z In(05) vmx guest vs. host CPUID *host level 00000004,  0: 0x1c004121 0x02c0003f 0x0000003f 0x00000000
2022-11-24T14:02:27.770Z In(05) vmx guest vs. host CPUID guest level 00000004,  1: 0x04000122 0x01c0003f 0x0000003f 0x00000000
2022-11-24T14:02:27.770Z In(05) vmx guest vs. host CPUID *host level 00000004,  1: 0x1c004122 0x01c0003f 0x0000003f 0x00000000
2022-11-24T14:02:27.770Z In(05) vmx guest vs. host CPUID guest level 00000004,  2: 0x04000143 0x04c0003f 0x000003ff 0x00000000
2022-11-24T14:02:27.770Z In(05) vmx guest vs. host CPUID *host level 00000004,  2: 0x1c004143 0x04c0003f 0x000003ff 0x00000000
2022-11-24T14:02:27.770Z In(05) vmx guest vs. host CPUID guest level 00000004,  3: 0x04004163 0x01c0003f 0x00003fff 0x00000004
2022-11-24T14:02:27.770Z In(05) vmx guest vs. host CPUID *host level 00000004,  3: 0x1c03c163 0x01c0003f 0x00003fff 0x00000004
2022-11-24T14:02:27.770Z In(05) vmx guest vs. host CPUID guest level 00000004,  4: 0x04000000 0x00000000 0x00000000 0x00000000
2022-11-24T14:02:27.770Z In(05) vmx guest vs. host CPUID *host level 00000004,  4: 0x00000000 0x00000000 0x00000000 0x00000000
2022-11-24T14:02:27.770Z In(05) vmx guest vs. host CPUID guest level 00000006,  0: 0x00000004 0x00000000 0x00000000 0x00000000
2022-11-24T14:02:27.770Z In(05) vmx guest vs. host CPUID *host level 00000006,  0: 0x0017eff7 0x00000002 0x00000009 0x00000000
2022-11-24T14:02:27.770Z In(05) vmx guest vs. host CPUID guest level 00000007,  0: 0x00000000 0xf1bf27eb 0x18405f4e 0xbc000510
2022-11-24T14:02:27.770Z In(05) vmx guest vs. host CPUID *host level 00000007,  0: 0x00000000 0xf3bfa7eb 0x18c05fce 0xfc100510
2022-11-24T14:02:27.770Z In(05) vmx guest vs. host CPUID guest level 0000000a,  0: 0x08300805 0x00000000 0x0000000f 0x00008604
2022-11-24T14:02:27.770Z In(05) vmx guest vs. host CPUID guest level 0000000b,  0: 0x00000000 0x00000001 0x00000100 0x00000000
2022-11-24T14:02:27.770Z In(05) vmx guest vs. host CPUID *host level 0000000b,  0: 0x00000001 0x00000002 0x00000100 0x00000000
2022-11-24T14:02:27.770Z In(05) vmx guest vs. host CPUID guest level 0000000b,  1: 0x00000001 0x00000002 0x00000201 0x00000000
2022-11-24T14:02:27.770Z In(05) vmx guest vs. host CPUID *host level 0000000b,  1: 0x00000004 0x00000008 0x00000201 0x00000000
2022-11-24T14:02:27.770Z In(05) vmx guest vs. host CPUID guest level 0000000d,  0: 0x000002e7 0x00000a88 0x00000a88 0x00000000
2022-11-24T14:02:27.770Z In(05) vmx guest vs. host CPUID *host level 0000000d,  0: 0x000002e7 0x00000a80 0x00000a88 0x00000000
2022-11-24T14:02:27.770Z In(05) vmx guest vs. host CPUID guest level 0000000d,  1: 0x0000000f 0x00000a10 0x00000000 0x00000000
2022-11-24T14:02:27.770Z In(05) vmx guest vs. host CPUID *host level 0000000d,  1: 0x0000000f 0x00000a10 0x00003900 0x00000000
2022-11-24T14:02:27.770Z In(05) vmx guest vs. host CPUID guest level 0000000d,  2: 0x00000100 0x00000240 0x00000000 0x00000000
2022-11-24T14:02:27.770Z In(05) vmx guest vs. host CPUID guest level 0000000d,  5: 0x00000040 0x00000440 0x00000000 0x00000000
2022-11-24T14:02:27.770Z In(05) vmx guest vs. host CPUID guest level 0000000d,  6: 0x00000200 0x00000480 0x00000000 0x00000000
2022-11-24T14:02:27.770Z In(05) vmx guest vs. host CPUID guest level 0000000d,  7: 0x00000400 0x00000680 0x00000000 0x00000000
2022-11-24T14:02:27.770Z In(05) vmx guest vs. host CPUID guest level 0000000d,  9: 0x00000008 0x00000a80 0x00000000 0x00000000
2022-11-24T14:02:27.770Z In(05) vmx guest vs. host CPUID guest level 00000010,  0: 0x00000000 0x00000000 0x00000000 0x00000000
2022-11-24T14:02:27.770Z In(05) vmx guest vs. host CPUID *host level 00000010,  0: 0x00000000 0x00000004 0x00000000 0x00000000
2022-11-24T14:02:27.770Z In(05) vmx guest vs. host CPUID guest level 00000010,  2: 0x00000000 0x00000000 0x00000000 0x00000000
2022-11-24T14:02:27.770Z In(05) vmx guest vs. host CPUID *host level 00000010,  2: 0x00000013 0x00000000 0x00000004 0x00000007
2022-11-24T14:02:27.770Z In(05) vmx guest vs. host CPUID guest level 00000014,  0: 0x00000000 0x00000000 0x00000000 0x00000000
2022-11-24T14:02:27.770Z In(05) vmx guest vs. host CPUID *host level 00000014,  0: 0x00000001 0x0000004f 0x00000007 0x00000000
2022-11-24T14:02:27.770Z In(05) vmx guest vs. host CPUID guest level 00000014,  1: 0x00000000 0x00000000 0x00000000 0x00000000
2022-11-24T14:02:27.770Z In(05) vmx guest vs. host CPUID *host level 00000014,  1: 0x02490002 0x003f1fff 0x00000000 0x00000000
2022-11-24T14:02:27.770Z In(05) vmx guest vs. host CPUID guest level 00000015,  0: 0x00000000 0x00000000 0x00000000 0x00000000
2022-11-24T14:02:27.770Z In(05) vmx guest vs. host CPUID *host level 00000015,  0: 0x00000002 0x0000007e 0x0249f000 0x00000000
2022-11-24T14:02:27.770Z In(05) vmx guest vs. host CPUID guest level 00000016,  0: 0x00000000 0x00000000 0x00000000 0x00000000
2022-11-24T14:02:27.770Z In(05) vmx guest vs. host CPUID *host level 00000016,  0: 0x00000960 0x00001068 0x00000064 0x00000000
2022-11-24T14:02:27.770Z In(05) vmx guest vs. host CPUID guest level 00000018,  0: 0x00000000 0x00000000 0x00000000 0x00000000
2022-11-24T14:02:27.770Z In(05) vmx guest vs. host CPUID *host level 00000018,  0: 0x00000008 0x00000000 0x00000000 0x00000000
2022-11-24T14:02:27.770Z In(05) vmx guest vs. host CPUID guest level 00000018,  1: 0x00000000 0x00000000 0x00000000 0x00000000
2022-11-24T14:02:27.770Z In(05) vmx guest vs. host CPUID *host level 00000018,  1: 0x00000000 0x00080001 0x00000010 0x00004022
2022-11-24T14:02:27.770Z In(05) vmx guest vs. host CPUID guest level 00000018,  2: 0x00000000 0x00000000 0x00000000 0x00000000
2022-11-24T14:02:27.770Z In(05) vmx guest vs. host CPUID *host level 00000018,  2: 0x00000000 0x00080006 0x00000002 0x00004022
2022-11-24T14:02:27.770Z In(05) vmx guest vs. host CPUID guest level 00000018,  3: 0x00000000 0x00000000 0x00000000 0x00000000
2022-11-24T14:02:27.770Z In(05) vmx guest vs. host CPUID *host level 00000018,  3: 0x00000000 0x0010000f 0x00000001 0x00004125
2022-11-24T14:02:27.770Z In(05) vmx guest vs. host CPUID guest level 00000018,  4: 0x00000000 0x00000000 0x00000000 0x00000000
2022-11-24T14:02:27.770Z In(05) vmx guest vs. host CPUID *host level 00000018,  4: 0x00000000 0x00040001 0x00000010 0x00004024
2022-11-24T14:02:27.770Z In(05) vmx guest vs. host CPUID guest level 00000018,  5: 0x00000000 0x00000000 0x00000000 0x00000000
2022-11-24T14:02:27.770Z In(05) vmx guest vs. host CPUID *host level 00000018,  5: 0x00000000 0x00040006 0x00000008 0x00004024
2022-11-24T14:02:27.770Z In(05) vmx guest vs. host CPUID guest level 00000018,  6: 0x00000000 0x00000000 0x00000000 0x00000000
2022-11-24T14:02:27.770Z In(05) vmx guest vs. host CPUID *host level 00000018,  6: 0x00000000 0x00080008 0x00000001 0x00004124
2022-11-24T14:02:27.786Z In(05) vmx guest vs. host CPUID guest level 00000018,  7: 0x00000000 0x00000000 0x00000000 0x00000000
2022-11-24T14:02:27.786Z In(05) vmx guest vs. host CPUID *host level 00000018,  7: 0x00000000 0x00080007 0x00000080 0x00004043
2022-11-24T14:02:27.786Z In(05) vmx guest vs. host CPUID guest level 00000018,  8: 0x00000000 0x00000000 0x00000000 0x00000000
2022-11-24T14:02:27.786Z In(05) vmx guest vs. host CPUID *host level 00000018,  8: 0x00000000 0x00080009 0x00000080 0x00004043
2022-11-24T14:02:27.786Z In(05) vmx guest vs. host CPUID guest level 40000000,  0: 0x40000010 0x61774d56 0x4d566572 0x65726177
2022-11-24T14:02:27.786Z In(05) vmx guest vs. host CPUID guest level 40000010,  0: 0x0024e9ff 0x000101d0 0x00000002 0x00000000
2022-11-24T14:02:27.786Z In(05) vmx guest vs. host CPUID guest level 80000000,  0: 0x80000008 0x00000000 0x00000000 0x00000000
2022-11-24T14:02:27.786Z In(05) vmx guest vs. host CPUID guest level 80000001,  0: 0x00000000 0x00000000 0x00000121 0x2c100800
2022-11-24T14:02:27.786Z In(05) vmx guest vs. host CPUID guest level 80000002,  0: 0x68743131 0x6e654720 0x746e4920 0x52286c65
2022-11-24T14:02:27.786Z In(05) vmx guest vs. host CPUID guest level 80000003,  0: 0x6f432029 0x54286572 0x6920294d 0x31312d35
2022-11-24T14:02:27.786Z In(05) vmx guest vs. host CPUID guest level 80000004,  0: 0x37473533 0x32204020 0x4730342e 0x00007a48
2022-11-24T14:02:27.786Z In(05) vmx guest vs. host CPUID guest level 80000006,  0: 0x00000000 0x00000000 0x01007040 0x00000000
2022-11-24T14:02:27.786Z In(05) vmx guest vs. host CPUID guest level 80000007,  0: 0x00000000 0x00000000 0x00000000 0x00000100
2022-11-24T14:02:27.786Z In(05) vmx guest vs. host CPUID guest level 80000008,  0: 0x0000302d 0x00000000 0x00000000 0x00000000
2022-11-24T14:02:27.786Z In(05) vmx guest vs. host CPUID *host level 80000008,  0: 0x00003027 0x00000000 0x00000000 0x00000000
2022-11-24T14:02:27.786Z In(05) vmx Minimum ucode level: 0x0000008a
2022-11-24T14:02:27.786Z In(05) vmx Module 'VPMC' power on failed.
2022-11-24T14:02:27.786Z In(05) vmx VMX_PowerOn: ModuleTable_PowerOn = 0
2022-11-24T14:02:27.786Z In(05) vmx HgfsServerManagerVigorExit: Destroy:
2022-11-24T14:02:27.786Z In(05) vmx ToolsISO: Refreshing imageName for 'debian10-64' (refreshCount=1, lastCount=1).
2022-11-24T14:02:27.786Z In(05) vmx ToolsISO: open of C:\Program Files (x86)\VMware\VMware Workstation\isoimages_manifest.txt.sig failed: Could not find the file
2022-11-24T14:02:27.786Z In(05) vmx ToolsISO: Unable to read signature file 'C:\Program Files (x86)\VMware\VMware Workstation\isoimages_manifest.txt.sig', ignoring.
2022-11-24T14:02:27.786Z In(05) vmx ToolsISO: Updated cached value for imageName to 'linux.iso'.
2022-11-24T14:02:27.786Z In(05) vmx ToolsISO: Selected Tools ISO 'linux.iso' for 'debian10-64' guest.
2022-11-24T14:02:27.786Z In(05) vmx TOOLS updated cached value for isoImageExists to 1.
2022-11-24T14:02:27.786Z In(05) vmx Tools: ToolsRunningStatus_Exit, delayedRequest is 0x1B351753220
2022-11-24T14:02:27.786Z In(05) svga SVGA thread is exiting the main loop
2022-11-24T14:02:27.786Z In(05) usbCCIDEnumCards USB-CCID: Card enum thread exiting.
2022-11-24T14:02:27.802Z In(05) vmx SOUNDLIB: Closing Wave sound backend.
2022-11-24T14:02:27.802Z In(05) vmx MKSThread: Requesting MKS exit
2022-11-24T14:02:27.802Z In(05) vmx Stopping MKS/SVGA threads
2022-11-24T14:02:27.802Z In(05) vmx MKS/SVGA threads are stopped
2022-11-24T14:02:27.802Z In(05) mks MKS-RenderMain: Stopped MKSBasicOps
2022-11-24T14:02:27.802Z In(05) mks MKS PowerOff
2022-11-24T14:02:27.802Z In(05) svga SVGA thread is exiting
2022-11-24T14:02:27.802Z In(05) mks MKS thread is exiting
2022-11-24T14:02:27.802Z Wa(03) vmx 
2022-11-24T14:02:27.802Z In(05) vmx scsi0:0: numIOs = 1 numMergedIOs = 0 numSplitIOs = 0 ( 0.0%)
2022-11-24T14:02:27.802Z In(05) vmx Closing disk 'scsi0:0'
2022-11-24T14:02:27.802Z In(05) vmx AIOWIN32C: asyncOps=1 syncOps=42 bufSize=0Kb fixedOps=0
2022-11-24T14:02:27.802Z In(05) aioCompletion AIO thread processed 1 completions
2022-11-24T14:02:27.802Z In(05) deviceThread Device thread is exiting
2022-11-24T14:02:27.802Z In(05) vmx Vix: [mainDispatch.c:1164]: VMAutomationPowerOff: Powering off.
2022-11-24T14:02:27.802Z In(05) vmx Win32U_GetFileAttributes: GetFileAttributesExW("D:\OS\Debian 10.x 64-bit.vmpl", ...) failed, error: 2
2022-11-24T14:02:27.802Z In(05) vmx Policy_SavePolicyFile: invalid arguments to function.
2022-11-24T14:02:27.802Z In(05) vmx PolicyVMX_Exit: Could not write out policies: 15.
2022-11-24T14:02:27.802Z In(05) vmx WORKER: asyncOps=1 maxActiveOps=1 maxPending=1 maxCompleted=0
2022-11-24T14:02:27.802Z In(05) PowerNotifyThread PowerNotify thread exiting.
2022-11-24T14:02:27.802Z In(05) vmx Vix: [mainDispatch.c:4206]: VMAutomation_ReportPowerOpFinished: statevar=1, newAppState=1873, success=1 additionalError=0
2022-11-24T14:02:27.817Z In(05) vmx VMXSTATS: Ready to cleanup and munmap 1B350F20000.
2022-11-24T14:02:27.817Z In(05) vmx 
2022-11-24T14:02:27.817Z In(05)+ vmx Power on failure messages: Virtualized performance counters require at least one available functioning counter.
2022-11-24T14:02:27.817Z In(05)+ vmx Module 'VPMC' power on failed.
2022-11-24T14:02:27.817Z In(05)+ vmx Failed to start the virtual machine.
2022-11-24T14:02:27.817Z In(05)+ vmx 
2022-11-24T14:02:27.817Z In(05) vmx Vix: [mainDispatch.c:4206]: VMAutomation_ReportPowerOpFinished: statevar=0, newAppState=1870, success=1 additionalError=0
2022-11-24T14:02:27.817Z In(05) vmx Transitioned vmx/execState/val to poweredOff
2022-11-24T14:02:27.817Z In(05) vmx Vix: [mainDispatch.c:4206]: VMAutomation_ReportPowerOpFinished: statevar=0, newAppState=1870, success=0 additionalError=0
2022-11-24T14:02:27.817Z In(05) vmx Vix: [mainDispatch.c:4244]: Error VIX_E_FAIL in VMAutomation_ReportPowerOpFinished(): Unknown error
2022-11-24T14:02:27.817Z In(05) vmx Vix: [mainDispatch.c:4206]: VMAutomation_ReportPowerOpFinished: statevar=0, newAppState=1870, success=1 additionalError=0
2022-11-24T14:02:27.817Z In(05) vmx Transitioned vmx/execState/val to poweredOff
2022-11-24T14:02:27.817Z In(05) vmx WQPoolFreePoll : pollIx = 3, signalHandle = 1064
2022-11-24T14:02:27.817Z In(05) vmx Vix: [mainDispatch.c:815]: VMAutomation_LateShutdown()
2022-11-24T14:02:27.817Z In(05) vmx Vix: [mainDispatch.c:770]: VMAutomationCloseListenerSocket. Closing listener socket.
2022-11-24T14:02:27.817Z In(05) vmx Flushing VMX VMDB connections
2022-11-24T14:02:27.817Z In(05) vmx VmdbDbRemoveCnx: Removing Cnx from Db for '/db/connection/#1/'
2022-11-24T14:02:27.817Z In(05) vmx VmdbCnxDisconnect: Disconnect: closed pipe for pub cnx '/db/connection/#1/' (0)
2022-11-24T14:02:27.817Z In(05) vmx VigorTransport_ServerDestroy: server destroyed.
2022-11-24T14:02:27.817Z In(05) vmx WQPoolFreePoll : pollIx = 2, signalHandle = 744
2022-11-24T14:02:27.817Z In(05) vmx WQPoolFreePoll : pollIx = 1, signalHandle = 752
2022-11-24T14:02:27.817Z In(05) vmx VMX exit (0).
2022-11-24T14:02:27.817Z In(05) vmx OBJLIB-LIB: ObjLib cleanup done.
2022-11-24T14:02:27.817Z In(05) vmx AIOMGR-S : stat o=3 r=21 w=0 i=0 br=106992 bw=0
